<?xml version="1.0" encoding="UTF-8" ?>
<testsuites>
  <testsuite errors="0" failures="1" hostname="Sneha-PC" id="0" name="PermsOnCompose_DraftsPage" package="sanity_ff" tests="6" time="870.197" timestamp="2011-12-20T17:15:21">
      <properties>
[...]
</properties>

      <testcase classname="sanity_ff.PermsOnCompose_DraftsPage" name="NonSecureNoattachs" time="166.095" />

      <testcase classname="sanity_ff.PermsOnCompose_DraftsPage" name="SecureNoattachs" time="21.889">
          <failure message="timeout" type="junit.framework.AssertionFailedError">junit.framework.AssertionFailedError: timeout
	at sanity_ff.Functions.WaitForUpload(Functions.java:32)
	at sanity_ff.PermsOnCompose_DraftsPage.SecureNoattachs(PermsOnCompose_DraftsPage.java:386)
</failure>

      </testcase>

      <testcase classname="sanity_ff.PermsOnCompose_DraftsPage" name="NonSecureGreater25MB" time="166.875" />

      <testcase classname="sanity_ff.PermsOnCompose_DraftsPage" name="SecureLesser25MB" time="174.457" />

      <testcase classname="sanity_ff.PermsOnCompose_DraftsPage" name="NonSecureLesser25MB" time="165.768" />

      <testcase classname="sanity_ff.PermsOnCompose_DraftsPage" name="SecureGreater25MB" time="174.925" />

      <system-out><![CDATA[Testing user with LFT perms only
Navigating to base URL
muunni.24@gmail.com
Removed user muunni.24@gmail.com from recipient list
snehamtd002@yahoo.com
Removed user snehamtd002@yahoo.com from recipient list
sneha.qa.24@gmail.com
PASS for sneha.qa.24@gmail.com
snehamtd001@gmail.com
PASS for snehamtd001@gmail.com
PASS:Permission checking passed for LFT user sending mail with no attachs and non-secure.
The count for tbody is 1
The count for tr is 2
The count for td is 5
i was here!

i was here!

i was here!

i was here!

i was here!

The count for td is 5
i was here!

i was here!
sneha.qa.24@gmail.com; snehamtd001@gmail.com
i was here!
TC--105
muunni.24@gmail.com
Removed user muunni.24@gmail.com from recipient list
snehamtd002@yahoo.com
Removed user snehamtd002@yahoo.com from recipient list
sneha.qa.24@gmail.com
PASS for sneha.qa.24@gmail.com
snehamtd001@gmail.com
PASS for snehamtd001@gmail.com
PASS:Mail successfully sent.
Testing user with Secure perms only
Navigating to base URL
muunni.24@gmail.com
This email is considered a file transfer.  Since you do not have a file transfer license, your recipients are required to.  
PASS for muunni.24@gmail.com
Removed user muunni.24@gmail.com from recipient list
snehamtd002@yahoo.com
This email is considered a file transfer.  Since you do not have a file transfer license, your recipients are required to.  
PASS for snehamtd002@yahoo.com
Removed user snehamtd002@yahoo.com from recipient list
sneha.qa.24@gmail.com
PASS for sneha.qa.24@gmail.com
snehamtd001@gmail.com
PASS for snehamtd001@gmail.com
The count for tbody is 1
The count for tr is 2
The count for td is 5
i was here!

i was here!

i was here!

i was here!

i was here!

The count for td is 5
i was here!

i was here!
sneha.qa.24@gmail.com; snehamtd001@gmail.com
i was here!
TC--106
muunni.24@gmail.com
This email is considered a file transfer.  Since you do not have a file transfer license, your recipients are required to.  
PASS for muunni.24@gmail.com
Removed user muunni.24@gmail.com from recipient list
snehamtd002@yahoo.com
This email is considered a file transfer.  Since you do not have a file transfer license, your recipients are required to.  
PASS for snehamtd002@yahoo.com
Removed user snehamtd002@yahoo.com from recipient list
sneha.qa.24@gmail.com
PASS for sneha.qa.24@gmail.com
snehamtd001@gmail.com
PASS for snehamtd001@gmail.com
PASS:Mail successfully sent.
Testing user with ALL perms
Navigating to base URL
muunni.24@gmail.com
PASS for muunni.24@gmail.com
snehamtd002@yahoo.com
PASS for snehamtd002@yahoo.com
sneha.qa.24@gmail.com
PASS for sneha.qa.24@gmail.com
snehamtd001@gmail.com
PASS for snehamtd001@gmail.com
The count for tbody is 1
The count for tr is 9
The count for td is 5
i was here!

i was here!

i was here!

i was here!

i was here!

The count for td is 5
i was here!

i was here!
muunni.24@gmail.com; sneha.qa.24@gmail.com; snehamtd001@gmail.com; snehamtd002@yahoo.com
i was here!
TC--107
muunni.24@gmail.com
PASS for muunni.24@gmail.com
snehamtd002@yahoo.com
PASS for snehamtd002@yahoo.com
sneha.qa.24@gmail.com
PASS for sneha.qa.24@gmail.com
snehamtd001@gmail.com
PASS for snehamtd001@gmail.com
PASS:Mail successfully sent.
Testing user with NO perms
Navigating to base URL
muunni.24@gmail.com
This email is considered a file transfer.  Since you do not have a file transfer license, your recipients are required to.  
PASS for muunni.24@gmail.com
Removed user muunni.24@gmail.com from recipient list
snehamtd002@yahoo.com
This email is considered a file transfer.  Since you do not have a file transfer license, your recipients are required to.  
PASS for snehamtd002@yahoo.com
Removed user snehamtd002@yahoo.com from recipient list
sneha.qa.24@gmail.com
PASS for sneha.qa.24@gmail.com
snehamtd001@gmail.com
PASS for snehamtd001@gmail.com
The count for tbody is 1
The count for tr is 2
The count for td is 5
i was here!

i was here!

i was here!

i was here!

i was here!

The count for td is 5
i was here!

i was here!
sneha.qa.24@gmail.com; snehamtd001@gmail.com
i was here!
TC--108
muunni.24@gmail.com
This email is considered a file transfer.  Since you do not have a file transfer license, your recipients are required to.  
PASS for muunni.24@gmail.com
Removed user muunni.24@gmail.com from recipient list
snehamtd002@yahoo.com
This email is considered a file transfer.  Since you do not have a file transfer license, your recipients are required to.  
PASS for snehamtd002@yahoo.com
Removed user snehamtd002@yahoo.com from recipient list
sneha.qa.24@gmail.com
PASS for sneha.qa.24@gmail.com
snehamtd001@gmail.com
PASS for snehamtd001@gmail.com
PASS:Mail successfully sent.
Testing user with LFT perms only
Navigating to base URL
muunni.24@gmail.com
This email is considered a secure email.  Since you do not have a secure email license, your recipients are required to.  
PASS for muunni.24@gmail.com
Removed user muunni.24@gmail.com from recipient list
snehamtd002@yahoo.com
PASS for snehamtd002@yahoo.com
sneha.qa.24@gmail.com
PASS for sneha.qa.24@gmail.com
snehamtd001@gmail.com
This email is considered a secure email.  Since you do not have a secure email license, your recipients are required to.  
PASS for snehamtd001@gmail.com
Removed user snehamtd001@gmail.com from recipient list
Testing user with LFT perms only
Navigating to base URL
muunni.24@gmail.com
PASS for muunni.24@gmail.com
snehamtd002@yahoo.com
PASS for snehamtd002@yahoo.com
sneha.qa.24@gmail.com
PASS for sneha.qa.24@gmail.com
snehamtd001@gmail.com
PASS for snehamtd001@gmail.com
The count for tbody is 1
The count for tr is 2
The count for td is 5
i was here!

i was here!

i was here!

i was here!

i was here!

The count for td is 5
i was here!

i was here!
muunni.24@gmail.com; sneha.qa.24@gmail.com; snehamtd001@gmail.com; snehamtd002@yahoo.com
i was here!
TC--113
muunni.24@gmail.com
PASS for muunni.24@gmail.com
snehamtd002@yahoo.com
PASS for snehamtd002@yahoo.com
sneha.qa.24@gmail.com
PASS for sneha.qa.24@gmail.com
snehamtd001@gmail.com
PASS for snehamtd001@gmail.com
PASS:Mail successfully sent.
Testing user with SECURE perms only
Navigating to base URL
muunni.24@gmail.com
Removed user muunni.24@gmail.com from recipient list
snehamtd002@yahoo.com
Removed user snehamtd002@yahoo.com from recipient list
sneha.qa.24@gmail.com
PASS for sneha.qa.24@gmail.com
snehamtd001@gmail.com
PASS for snehamtd001@gmail.com
The count for tbody is 1
The count for tr is 2
The count for td is 5
i was here!

i was here!

i was here!

i was here!

i was here!

The count for td is 5
i was here!

i was here!
sneha.qa.24@gmail.com; snehamtd001@gmail.com
i was here!
TC--114
muunni.24@gmail.com
Removed user muunni.24@gmail.com from recipient list
snehamtd002@yahoo.com
Removed user snehamtd002@yahoo.com from recipient list
sneha.qa.24@gmail.com
PASS for sneha.qa.24@gmail.com
snehamtd001@gmail.com
PASS for snehamtd001@gmail.com
PASS:Mail successfully sent.
Testing user with ALL perms only
Navigating to base URL
muunni.24@gmail.com
PASS for muunni.24@gmail.com
snehamtd002@yahoo.com
PASS for snehamtd002@yahoo.com
sneha.qa.24@gmail.com
PASS for sneha.qa.24@gmail.com
snehamtd001@gmail.com
PASS for snehamtd001@gmail.com
The count for tbody is 1
The count for tr is 9
The count for td is 5
i was here!

i was here!

i was here!

i was here!

i was here!

The count for td is 5
i was here!

i was here!
muunni.24@gmail.com; sneha.qa.24@gmail.com; snehamtd001@gmail.com; snehamtd002@yahoo.com
i was here!
TC--115
muunni.24@gmail.com
PASS for muunni.24@gmail.com
snehamtd002@yahoo.com
PASS for snehamtd002@yahoo.com
sneha.qa.24@gmail.com
PASS for sneha.qa.24@gmail.com
snehamtd001@gmail.com
PASS for snehamtd001@gmail.com
PASS:Mail successfully sent.
Testing user with NO perms
Navigating to base URL
muunni.24@gmail.com
This email is considered a file transfer.  Since you do not have a file transfer license, your recipients are required to.  
PASS for muunni.24@gmail.com
Removed user muunni.24@gmail.com from recipient list
snehamtd002@yahoo.com
This email is considered a file transfer.  Since you do not have a file transfer license, your recipients are required to.  
PASS for snehamtd002@yahoo.com
Removed user snehamtd002@yahoo.com from recipient list
sneha.qa.24@gmail.com
PASS for sneha.qa.24@gmail.com
snehamtd001@gmail.com
PASS for snehamtd001@gmail.com
The count for tbody is 1
The count for tr is 2
The count for td is 5
i was here!

i was here!

i was here!

i was here!

i was here!

The count for td is 5
i was here!

i was here!
sneha.qa.24@gmail.com; snehamtd001@gmail.com
i was here!
TC--116
muunni.24@gmail.com
This email is considered a file transfer.  Since you do not have a file transfer license, your recipients are required to.  
PASS for muunni.24@gmail.com
Removed user muunni.24@gmail.com from recipient list
snehamtd002@yahoo.com
This email is considered a file transfer.  Since you do not have a file transfer license, your recipients are required to.  
PASS for snehamtd002@yahoo.com
Removed user snehamtd002@yahoo.com from recipient list
sneha.qa.24@gmail.com
PASS for sneha.qa.24@gmail.com
snehamtd001@gmail.com
PASS for snehamtd001@gmail.com
PASS:Mail successfully sent.
Testing user with LFT perms only
Navigating to base URL
muunni.24@gmail.com
This email is considered a secure email.  Since you do not have a secure email license, your recipients are required to.  
PASS for muunni.24@gmail.com
Removed user muunni.24@gmail.com from recipient list
snehamtd002@yahoo.com
PASS for snehamtd002@yahoo.com
sneha.qa.24@gmail.com
PASS for sneha.qa.24@gmail.com
snehamtd001@gmail.com
This email is considered a secure email.  Since you do not have a secure email license, your recipients are required to.  
PASS for snehamtd001@gmail.com
Removed user snehamtd001@gmail.com from recipient list
The count for tbody is 1
The count for tr is 2
The count for td is 5
i was here!

i was here!

i was here!

i was here!

i was here!

The count for td is 5
i was here!

i was here!
sneha.qa.24@gmail.com; snehamtd002@yahoo.com
i was here!
TC--117
muunni.24@gmail.com
This email is considered a secure email.  Since you do not have a secure email license, your recipients are required to.  
PASS for muunni.24@gmail.com
Removed user muunni.24@gmail.com from recipient list
snehamtd002@yahoo.com
PASS for snehamtd002@yahoo.com
sneha.qa.24@gmail.com
PASS for sneha.qa.24@gmail.com
snehamtd001@gmail.com
This email is considered a secure email.  Since you do not have a secure email license, your recipients are required to.  
PASS for snehamtd001@gmail.com
Removed user snehamtd001@gmail.com from recipient list
PASS:Mail successfully sent.
Testing user with SECURE perms only
Navigating to base URL
muunni.24@gmail.com
PASS for muunni.24@gmail.com
snehamtd002@yahoo.com
PASS for snehamtd002@yahoo.com
sneha.qa.24@gmail.com
PASS for sneha.qa.24@gmail.com
snehamtd001@gmail.com
PASS for snehamtd001@gmail.com
The count for tbody is 1
The count for tr is 2
The count for td is 5
i was here!

i was here!

i was here!

i was here!

i was here!

The count for td is 5
i was here!

i was here!
muunni.24@gmail.com; sneha.qa.24@gmail.com; snehamtd001@gmail.com; snehamtd002@yahoo.com
i was here!
TC--118
muunni.24@gmail.com
PASS for muunni.24@gmail.com
snehamtd002@yahoo.com
PASS for snehamtd002@yahoo.com
sneha.qa.24@gmail.com
PASS for sneha.qa.24@gmail.com
snehamtd001@gmail.com
PASS for snehamtd001@gmail.com
PASS:Mail successfully sent.
Testing user with ALL perms
Navigating to base URL
muunni.24@gmail.com
PASS for muunni.24@gmail.com
snehamtd002@yahoo.com
PASS for snehamtd002@yahoo.com
sneha.qa.24@gmail.com
PASS for sneha.qa.24@gmail.com
snehamtd001@gmail.com
PASS for snehamtd001@gmail.com
The count for tbody is 1
The count for tr is 9
The count for td is 5
i was here!

i was here!

i was here!

i was here!

i was here!

The count for td is 5
i was here!

i was here!
muunni.24@gmail.com; sneha.qa.24@gmail.com; snehamtd001@gmail.com; snehamtd002@yahoo.com
i was here!
TC--119
muunni.24@gmail.com
PASS for muunni.24@gmail.com
snehamtd002@yahoo.com
PASS for snehamtd002@yahoo.com
sneha.qa.24@gmail.com
PASS for sneha.qa.24@gmail.com
snehamtd001@gmail.com
PASS for snehamtd001@gmail.com
PASS:Mail successfully sent.
Testing user with NO perms
Navigating to base URL
muunni.24@gmail.com
This email is considered a secure email.  Since you do not have a secure email license, your recipients are required to.  
PASS for muunni.24@gmail.com
Removed user muunni.24@gmail.com from recipient list
snehamtd002@yahoo.com
PASS for snehamtd002@yahoo.com
sneha.qa.24@gmail.com
PASS for sneha.qa.24@gmail.com
snehamtd001@gmail.com
This email is considered a secure email.  Since you do not have a secure email license, your recipients are required to.  
PASS for snehamtd001@gmail.com
Removed user snehamtd001@gmail.com from recipient list
The count for tbody is 1
The count for tr is 2
The count for td is 5
i was here!

i was here!

i was here!

i was here!

i was here!

The count for td is 5
i was here!

i was here!
sneha.qa.24@gmail.com; snehamtd002@yahoo.com
i was here!
TC--120
muunni.24@gmail.com
This email is considered a secure email.  Since you do not have a secure email license, your recipients are required to.  
PASS for muunni.24@gmail.com
Removed user muunni.24@gmail.com from recipient list
snehamtd002@yahoo.com
PASS for snehamtd002@yahoo.com
sneha.qa.24@gmail.com
PASS for sneha.qa.24@gmail.com
snehamtd001@gmail.com
This email is considered a secure email.  Since you do not have a secure email license, your recipients are required to.  
PASS for snehamtd001@gmail.com
Removed user snehamtd001@gmail.com from recipient list
PASS:Mail successfully sent.
Testing user with LFT perms only
Navigating to base URL
muunni.24@gmail.com
PASS for muunni.24@gmail.com
snehamtd002@yahoo.com
PASS for snehamtd002@yahoo.com
sneha.qa.24@gmail.com
PASS for sneha.qa.24@gmail.com
snehamtd001@gmail.com
PASS for snehamtd001@gmail.com
The count for tbody is 1
The count for tr is 2
The count for td is 5
i was here!

i was here!

i was here!

i was here!

i was here!

The count for td is 5
i was here!

i was here!
muunni.24@gmail.com; sneha.qa.24@gmail.com; snehamtd001@gmail.com; snehamtd002@yahoo.com
i was here!
TC--121
muunni.24@gmail.com
PASS for muunni.24@gmail.com
snehamtd002@yahoo.com
PASS for snehamtd002@yahoo.com
sneha.qa.24@gmail.com
PASS for sneha.qa.24@gmail.com
snehamtd001@gmail.com
PASS for snehamtd001@gmail.com
PASS:Mail successfully sent.
Testing user with SECURE perms only
Navigating to base URL
muunni.24@gmail.com
This email is considered a file transfer.  Since you do not have a file transfer license, your recipients are required to.  
PASS for muunni.24@gmail.com
Removed user muunni.24@gmail.com from recipient list
snehamtd002@yahoo.com
This email is considered a file transfer.  Since you do not have a file transfer license, your recipients are required to.  
PASS for snehamtd002@yahoo.com
Removed user snehamtd002@yahoo.com from recipient list
sneha.qa.24@gmail.com
PASS for sneha.qa.24@gmail.com
snehamtd001@gmail.com
PASS for snehamtd001@gmail.com
The count for tbody is 1
The count for tr is 2
The count for td is 5
i was here!

i was here!

i was here!

i was here!

i was here!

The count for td is 5
i was here!

i was here!
sneha.qa.24@gmail.com; snehamtd001@gmail.com
i was here!
TC--122
muunni.24@gmail.com
This email is considered a file transfer.  Since you do not have a file transfer license, your recipients are required to.  
PASS for muunni.24@gmail.com
Removed user muunni.24@gmail.com from recipient list
snehamtd002@yahoo.com
This email is considered a file transfer.  Since you do not have a file transfer license, your recipients are required to.  
PASS for snehamtd002@yahoo.com
Removed user snehamtd002@yahoo.com from recipient list
sneha.qa.24@gmail.com
PASS for sneha.qa.24@gmail.com
snehamtd001@gmail.com
PASS for snehamtd001@gmail.com
PASS:Mail successfully sent.
Testing user with ALL perms
Navigating to base URL
muunni.24@gmail.com
PASS for muunni.24@gmail.com
snehamtd002@yahoo.com
PASS for snehamtd002@yahoo.com
sneha.qa.24@gmail.com
PASS for sneha.qa.24@gmail.com
snehamtd001@gmail.com
PASS for snehamtd001@gmail.com
The count for tbody is 1
The count for tr is 9
The count for td is 5
i was here!

i was here!

i was here!

i was here!

i was here!

The count for td is 5
i was here!

i was here!
muunni.24@gmail.com; sneha.qa.24@gmail.com; snehamtd001@gmail.com; snehamtd002@yahoo.com
i was here!
123
muunni.24@gmail.com
PASS for muunni.24@gmail.com
snehamtd002@yahoo.com
PASS for snehamtd002@yahoo.com
sneha.qa.24@gmail.com
PASS for sneha.qa.24@gmail.com
snehamtd001@gmail.com
PASS for snehamtd001@gmail.com
PASS:Mail successfully sent.
Testing user with NO perms
Navigating to base URL
muunni.24@gmail.com
This email is considered a file transfer.  Since you do not have a file transfer license, your recipients are required to.  
PASS for muunni.24@gmail.com
Removed user muunni.24@gmail.com from recipient list
snehamtd002@yahoo.com
This email is considered a file transfer.  Since you do not have a file transfer license, your recipients are required to.  
PASS for snehamtd002@yahoo.com
Removed user snehamtd002@yahoo.com from recipient list
sneha.qa.24@gmail.com
PASS for sneha.qa.24@gmail.com
snehamtd001@gmail.com
PASS for snehamtd001@gmail.com
The count for tbody is 1
The count for tr is 2
The count for td is 5
i was here!

i was here!

i was here!

i was here!

i was here!

The count for td is 5
i was here!

i was here!
sneha.qa.24@gmail.com; snehamtd001@gmail.com
i was here!
TC--124
muunni.24@gmail.com
This email is considered a file transfer.  Since you do not have a file transfer license, your recipients are required to.  
PASS for muunni.24@gmail.com
Removed user muunni.24@gmail.com from recipient list
snehamtd002@yahoo.com
This email is considered a file transfer.  Since you do not have a file transfer license, your recipients are required to.  
PASS for snehamtd002@yahoo.com
Removed user snehamtd002@yahoo.com from recipient list
sneha.qa.24@gmail.com
PASS for sneha.qa.24@gmail.com
snehamtd001@gmail.com
PASS for snehamtd001@gmail.com
PASS:Mail successfully sent.
Testing user with LFT perms only
Navigating to base URL
muunni.24@gmail.com
This email is considered a secure email.  Since you do not have a secure email license, your recipients are required to.  
PASS for muunni.24@gmail.com
Removed user muunni.24@gmail.com from recipient list
snehamtd002@yahoo.com
Removed user snehamtd002@yahoo.com from recipient list
sneha.qa.24@gmail.com
PASS for sneha.qa.24@gmail.com
snehamtd001@gmail.com
This email is considered a secure email.  Since you do not have a secure email license, your recipients are required to.  
PASS for snehamtd001@gmail.com
Removed user snehamtd001@gmail.com from recipient list
The count for tbody is 1
The count for tr is 2
The count for td is 5
i was here!

i was here!

i was here!

i was here!

i was here!

The count for td is 5
i was here!

i was here!
sneha.qa.24@gmail.com
i was here!
TC--125
muunni.24@gmail.com
This email is considered a secure email.  Since you do not have a secure email license, your recipients are required to.  
PASS for muunni.24@gmail.com
Removed user muunni.24@gmail.com from recipient list
snehamtd002@yahoo.com
Removed user snehamtd002@yahoo.com from recipient list
sneha.qa.24@gmail.com
PASS for sneha.qa.24@gmail.com
snehamtd001@gmail.com
This email is considered a secure email.  Since you do not have a secure email license, your recipients are required to.  
PASS for snehamtd001@gmail.com
Removed user snehamtd001@gmail.com from recipient list
PASS:Mail successfully sent.
Testing user with SECURE perms only
Navigating to base URL
muunni.24@gmail.com
This email is considered a file transfer.  Since you do not have a file transfer license, your recipients are required to.  
PASS for muunni.24@gmail.com
Removed user muunni.24@gmail.com from recipient list
snehamtd002@yahoo.com
This email is considered a file transfer.  Since you do not have a file transfer license, your recipients are required to.  
PASS for snehamtd002@yahoo.com
Removed user snehamtd002@yahoo.com from recipient list
sneha.qa.24@gmail.com
PASS for sneha.qa.24@gmail.com
snehamtd001@gmail.com
PASS for snehamtd001@gmail.com
The count for tbody is 1
The count for tr is 2
The count for td is 5
i was here!

i was here!

i was here!

i was here!

i was here!

The count for td is 5
i was here!

i was here!
sneha.qa.24@gmail.com; snehamtd001@gmail.com
i was here!
TC--126
muunni.24@gmail.com
This email is considered a file transfer.  Since you do not have a file transfer license, your recipients are required to.  
PASS for muunni.24@gmail.com
Removed user muunni.24@gmail.com from recipient list
snehamtd002@yahoo.com
This email is considered a file transfer.  Since you do not have a file transfer license, your recipients are required to.  
PASS for snehamtd002@yahoo.com
Removed user snehamtd002@yahoo.com from recipient list
sneha.qa.24@gmail.com
PASS for sneha.qa.24@gmail.com
snehamtd001@gmail.com
PASS for snehamtd001@gmail.com
PASS:Mail successfully sent.
Testing user with ALL perms
Navigating to base URL
muunni.24@gmail.com
PASS for muunni.24@gmail.com
snehamtd002@yahoo.com
PASS for snehamtd002@yahoo.com
sneha.qa.24@gmail.com
PASS for sneha.qa.24@gmail.com
snehamtd001@gmail.com
PASS for snehamtd001@gmail.com
The count for tbody is 1
The count for tr is 9
The count for td is 5
i was here!

i was here!

i was here!

i was here!

i was here!

The count for td is 5
i was here!

i was here!
muunni.24@gmail.com; sneha.qa.24@gmail.com; snehamtd001@gmail.com; snehamtd002@yahoo.com
i was here!
TC--127
muunni.24@gmail.com
PASS for muunni.24@gmail.com
snehamtd002@yahoo.com
PASS for snehamtd002@yahoo.com
sneha.qa.24@gmail.com
PASS for sneha.qa.24@gmail.com
snehamtd001@gmail.com
PASS for snehamtd001@gmail.com
PASS:Mail successfully sent.
Testing user with NO perms
Navigating to base URL
muunni.24@gmail.com
This email is considered a secure email.  Since you do not have a secure email license, your recipients are required to.  This email is considered a file transfer.  Since you do not have a file transfer license, your recipients are required to.  
This email is considered a secure email.  Since you do not have a secure email license, your recipients are required to.  This email is considered a file transfer.  Since you do not have a file transfer license, your recipients are required to.  
PASS for muunni.24@gmail.com
Removed user muunni.24@gmail.com from recipient list
snehamtd002@yahoo.com
This email is considered a file transfer.  Since you do not have a file transfer license, your recipients are required to.  
PASS for snehamtd002@yahoo.com
Removed user snehamtd002@yahoo.com from recipient list
sneha.qa.24@gmail.com
PASS for sneha.qa.24@gmail.com
snehamtd001@gmail.com
This email is considered a secure email.  Since you do not have a secure email license, your recipients are required to.  
PASS for snehamtd001@gmail.com
Removed user snehamtd001@gmail.com from recipient list
The count for tbody is 1
The count for tr is 2
The count for td is 5
i was here!

i was here!

i was here!

i was here!

i was here!

The count for td is 5
i was here!

i was here!
sneha.qa.24@gmail.com
i was here!
TC--128
muunni.24@gmail.com
This email is considered a secure email.  Since you do not have a secure email license, your recipients are required to.  This email is considered a file transfer.  Since you do not have a file transfer license, your recipients are required to.  
This email is considered a secure email.  Since you do not have a secure email license, your recipients are required to.  This email is considered a file transfer.  Since you do not have a file transfer license, your recipients are required to.  
PASS for muunni.24@gmail.com
Removed user muunni.24@gmail.com from recipient list
snehamtd002@yahoo.com
This email is considered a file transfer.  Since you do not have a file transfer license, your recipients are required to.  
PASS for snehamtd002@yahoo.com
Removed user snehamtd002@yahoo.com from recipient list
sneha.qa.24@gmail.com
PASS for sneha.qa.24@gmail.com
snehamtd001@gmail.com
This email is considered a secure email.  Since you do not have a secure email license, your recipients are required to.  
PASS for snehamtd001@gmail.com
Removed user snehamtd001@gmail.com from recipient list
PASS:Mail successfully sent.
]]></system-out>

      <system-err><![CDATA[]]></system-err>

  </testsuite>
  <testsuite errors="5" failures="0" hostname="Sneha-PC" id="1" name="PermsOnForward_DraftsPage" package="sanity_ff" tests="6" time="519.009" timestamp="2011-12-20T17:29:52">
      <properties>
[...]
</properties>

      <testcase classname="sanity_ff.PermsOnForward_DraftsPage" name="NonSecureNoattachs" time="63.977">
          <error message="Unable to locate element: {&quot;method&quot;:&quot;id&quot;,&quot;selector&quot;:&quot;forward&quot;}; duration or timeout: 30.03 seconds&#xa;For documentation on this error, please visit: http://seleniumhq.org/exceptions/no_such_element.html&#xa;Build info: version: &apos;2.14.0&apos;, revision: &apos;14955&apos;, time: &apos;2011-11-29 11:43:45&apos;&#xa;System info: os.name: &apos;Windows 7&apos;, os.arch: &apos;amd64&apos;, os.version: &apos;6.1&apos;, java.version: &apos;1.7.0&apos;&#xa;Driver info: driver.version: RemoteWebDriver" type="org.openqa.selenium.NoSuchElementException">org.openqa.selenium.NoSuchElementException: Unable to locate element: {&quot;method&quot;:&quot;id&quot;,&quot;selector&quot;:&quot;forward&quot;}; duration or timeout: 30.03 seconds
For documentation on this error, please visit: http://seleniumhq.org/exceptions/no_such_element.html
Build info: version: &apos;2.14.0&apos;, revision: &apos;14955&apos;, time: &apos;2011-11-29 11:43:45&apos;
System info: os.name: &apos;Windows 7&apos;, os.arch: &apos;amd64&apos;, os.version: &apos;6.1&apos;, java.version: &apos;1.7.0&apos;
Driver info: driver.version: RemoteWebDriver
	at java.lang.reflect.Constructor.newInstance(Constructor.java:525)
	at org.openqa.selenium.remote.ErrorHandler.createThrowable(ErrorHandler.java:147)
	at org.openqa.selenium.remote.ErrorHandler.throwIfResponseFailed(ErrorHandler.java:113)
	at org.openqa.selenium.remote.RemoteWebDriver.execute(RemoteWebDriver.java:400)
	at org.openqa.selenium.remote.RemoteWebDriver.findElement(RemoteWebDriver.java:202)
	at org.openqa.selenium.remote.RemoteWebDriver.findElementById(RemoteWebDriver.java:219)
	at org.openqa.selenium.By$ById.findElement(By.java:216)
	at org.openqa.selenium.remote.RemoteWebDriver.findElement(RemoteWebDriver.java:194)
	at sanity_ff.PermsOnForward_DraftsPage.NonSecureNoattachs(PermsOnForward_DraftsPage.java:82)
Caused by: org.openqa.selenium.remote.ErrorHandler$UnknownServerException: Unable to locate element: {&quot;method&quot;:&quot;id&quot;,&quot;selector&quot;:&quot;forward&quot;}
Build info: version: &apos;2.14.0&apos;, revision: &apos;14955&apos;, time: &apos;2011-11-29 11:43:45&apos;
System info: os.name: &apos;Windows 7&apos;, os.arch: &apos;amd64&apos;, os.version: &apos;6.1&apos;, java.version: &apos;1.7.0&apos;
Driver info: driver.version: unknown
	at &lt;anonymous class&gt;.&lt;anonymous method&gt;(file:///C:/Users/Sneha/AppData/Local/Temp/anonymous3148548588678580068webdriver-profile/extensions/fxdriver@googlecode.com/components/driver-component.js -&gt; file:///C:/Users/Sneha/AppData/Local/Temp/anonymous3148548588678580068webdriver-profile/extensions/fxdriver@googlecode.com/components/firefoxDriver.js:389)
	at &lt;anonymous class&gt;.&lt;anonymous method&gt;(resource://fxdriver/modules/utils.js:9466)
</error>

      </testcase>

      <testcase classname="sanity_ff.PermsOnForward_DraftsPage" name="SecureNoattachs" time="183.599" />

      <testcase classname="sanity_ff.PermsOnForward_DraftsPage" name="NonSecureGreater25MB" time="71.84">
          <error message="Unable to locate element: {&quot;method&quot;:&quot;id&quot;,&quot;selector&quot;:&quot;forward&quot;}; duration or timeout: 30.05 seconds&#xa;For documentation on this error, please visit: http://seleniumhq.org/exceptions/no_such_element.html&#xa;Build info: version: &apos;2.14.0&apos;, revision: &apos;14955&apos;, time: &apos;2011-11-29 11:43:45&apos;&#xa;System info: os.name: &apos;Windows 7&apos;, os.arch: &apos;amd64&apos;, os.version: &apos;6.1&apos;, java.version: &apos;1.7.0&apos;&#xa;Driver info: driver.version: RemoteWebDriver" type="org.openqa.selenium.NoSuchElementException">org.openqa.selenium.NoSuchElementException: Unable to locate element: {&quot;method&quot;:&quot;id&quot;,&quot;selector&quot;:&quot;forward&quot;}; duration or timeout: 30.05 seconds
For documentation on this error, please visit: http://seleniumhq.org/exceptions/no_such_element.html
Build info: version: &apos;2.14.0&apos;, revision: &apos;14955&apos;, time: &apos;2011-11-29 11:43:45&apos;
System info: os.name: &apos;Windows 7&apos;, os.arch: &apos;amd64&apos;, os.version: &apos;6.1&apos;, java.version: &apos;1.7.0&apos;
Driver info: driver.version: RemoteWebDriver
	at java.lang.reflect.Constructor.newInstance(Constructor.java:525)
	at org.openqa.selenium.remote.ErrorHandler.createThrowable(ErrorHandler.java:147)
	at org.openqa.selenium.remote.ErrorHandler.throwIfResponseFailed(ErrorHandler.java:113)
	at org.openqa.selenium.remote.RemoteWebDriver.execute(RemoteWebDriver.java:400)
	at org.openqa.selenium.remote.RemoteWebDriver.findElement(RemoteWebDriver.java:202)
	at org.openqa.selenium.remote.RemoteWebDriver.findElementById(RemoteWebDriver.java:219)
	at org.openqa.selenium.By$ById.findElement(By.java:216)
	at org.openqa.selenium.remote.RemoteWebDriver.findElement(RemoteWebDriver.java:194)
	at sanity_ff.PermsOnForward_DraftsPage.NonSecureGreater25MB(PermsOnForward_DraftsPage.java:654)
Caused by: org.openqa.selenium.remote.ErrorHandler$UnknownServerException: Unable to locate element: {&quot;method&quot;:&quot;id&quot;,&quot;selector&quot;:&quot;forward&quot;}
Build info: version: &apos;2.14.0&apos;, revision: &apos;14955&apos;, time: &apos;2011-11-29 11:43:45&apos;
System info: os.name: &apos;Windows 7&apos;, os.arch: &apos;amd64&apos;, os.version: &apos;6.1&apos;, java.version: &apos;1.7.0&apos;
Driver info: driver.version: unknown
	at &lt;anonymous class&gt;.&lt;anonymous method&gt;(file:///C:/Users/Sneha/AppData/Local/Temp/anonymous1969971690150703719webdriver-profile/extensions/fxdriver@googlecode.com/components/driver-component.js -&gt; file:///C:/Users/Sneha/AppData/Local/Temp/anonymous1969971690150703719webdriver-profile/extensions/fxdriver@googlecode.com/components/firefoxDriver.js:389)
	at &lt;anonymous class&gt;.&lt;anonymous method&gt;(resource://fxdriver/modules/utils.js:9466)
</error>

      </testcase>

      <testcase classname="sanity_ff.PermsOnForward_DraftsPage" name="SecureLesser25MB" time="63.182">
          <error message="Unable to locate element: {&quot;method&quot;:&quot;id&quot;,&quot;selector&quot;:&quot;heading&quot;}; duration or timeout: 30.55 seconds&#xa;For documentation on this error, please visit: http://seleniumhq.org/exceptions/no_such_element.html&#xa;Build info: version: &apos;2.14.0&apos;, revision: &apos;14955&apos;, time: &apos;2011-11-29 11:43:45&apos;&#xa;System info: os.name: &apos;Windows 7&apos;, os.arch: &apos;amd64&apos;, os.version: &apos;6.1&apos;, java.version: &apos;1.7.0&apos;&#xa;Driver info: driver.version: RemoteWebDriver" type="org.openqa.selenium.NoSuchElementException">org.openqa.selenium.NoSuchElementException: Unable to locate element: {&quot;method&quot;:&quot;id&quot;,&quot;selector&quot;:&quot;heading&quot;}; duration or timeout: 30.55 seconds
For documentation on this error, please visit: http://seleniumhq.org/exceptions/no_such_element.html
Build info: version: &apos;2.14.0&apos;, revision: &apos;14955&apos;, time: &apos;2011-11-29 11:43:45&apos;
System info: os.name: &apos;Windows 7&apos;, os.arch: &apos;amd64&apos;, os.version: &apos;6.1&apos;, java.version: &apos;1.7.0&apos;
Driver info: driver.version: RemoteWebDriver
	at java.lang.reflect.Constructor.newInstance(Constructor.java:525)
	at org.openqa.selenium.remote.ErrorHandler.createThrowable(ErrorHandler.java:147)
	at org.openqa.selenium.remote.ErrorHandler.throwIfResponseFailed(ErrorHandler.java:113)
	at org.openqa.selenium.remote.RemoteWebDriver.execute(RemoteWebDriver.java:400)
	at org.openqa.selenium.remote.RemoteWebDriver.findElement(RemoteWebDriver.java:202)
	at org.openqa.selenium.remote.RemoteWebDriver.findElementById(RemoteWebDriver.java:219)
	at org.openqa.selenium.By$ById.findElement(By.java:216)
	at org.openqa.selenium.remote.RemoteWebDriver.findElement(RemoteWebDriver.java:194)
	at sanity_ff.PermsOnForward_DraftsPage.SecureLesser25MB(PermsOnForward_DraftsPage.java:902)
Caused by: org.openqa.selenium.remote.ErrorHandler$UnknownServerException: Unable to locate element: {&quot;method&quot;:&quot;id&quot;,&quot;selector&quot;:&quot;heading&quot;}
Build info: version: &apos;2.14.0&apos;, revision: &apos;14955&apos;, time: &apos;2011-11-29 11:43:45&apos;
System info: os.name: &apos;Windows 7&apos;, os.arch: &apos;amd64&apos;, os.version: &apos;6.1&apos;, java.version: &apos;1.7.0&apos;
Driver info: driver.version: unknown
	at &lt;anonymous class&gt;.&lt;anonymous method&gt;(file:///C:/Users/Sneha/AppData/Local/Temp/anonymous2726405627719995995webdriver-profile/extensions/fxdriver@googlecode.com/components/driver-component.js -&gt; file:///C:/Users/Sneha/AppData/Local/Temp/anonymous2726405627719995995webdriver-profile/extensions/fxdriver@googlecode.com/components/firefoxDriver.js:389)
	at &lt;anonymous class&gt;.&lt;anonymous method&gt;(resource://fxdriver/modules/utils.js:9466)
</error>

      </testcase>

      <testcase classname="sanity_ff.PermsOnForward_DraftsPage" name="NonSecureLesser25MB" time="63.775">
          <error message="Unable to locate element: {&quot;method&quot;:&quot;id&quot;,&quot;selector&quot;:&quot;forward&quot;}; duration or timeout: 30.03 seconds&#xa;For documentation on this error, please visit: http://seleniumhq.org/exceptions/no_such_element.html&#xa;Build info: version: &apos;2.14.0&apos;, revision: &apos;14955&apos;, time: &apos;2011-11-29 11:43:45&apos;&#xa;System info: os.name: &apos;Windows 7&apos;, os.arch: &apos;amd64&apos;, os.version: &apos;6.1&apos;, java.version: &apos;1.7.0&apos;&#xa;Driver info: driver.version: RemoteWebDriver" type="org.openqa.selenium.NoSuchElementException">org.openqa.selenium.NoSuchElementException: Unable to locate element: {&quot;method&quot;:&quot;id&quot;,&quot;selector&quot;:&quot;forward&quot;}; duration or timeout: 30.03 seconds
For documentation on this error, please visit: http://seleniumhq.org/exceptions/no_such_element.html
Build info: version: &apos;2.14.0&apos;, revision: &apos;14955&apos;, time: &apos;2011-11-29 11:43:45&apos;
System info: os.name: &apos;Windows 7&apos;, os.arch: &apos;amd64&apos;, os.version: &apos;6.1&apos;, java.version: &apos;1.7.0&apos;
Driver info: driver.version: RemoteWebDriver
	at java.lang.reflect.Constructor.newInstance(Constructor.java:525)
	at org.openqa.selenium.remote.ErrorHandler.createThrowable(ErrorHandler.java:147)
	at org.openqa.selenium.remote.ErrorHandler.throwIfResponseFailed(ErrorHandler.java:113)
	at org.openqa.selenium.remote.RemoteWebDriver.execute(RemoteWebDriver.java:400)
	at org.openqa.selenium.remote.RemoteWebDriver.findElement(RemoteWebDriver.java:202)
	at org.openqa.selenium.remote.RemoteWebDriver.findElementById(RemoteWebDriver.java:219)
	at org.openqa.selenium.By$ById.findElement(By.java:216)
	at org.openqa.selenium.remote.RemoteWebDriver.findElement(RemoteWebDriver.java:194)
	at sanity_ff.PermsOnForward_DraftsPage.NonSecureLesser25MB(PermsOnForward_DraftsPage.java:1173)
Caused by: org.openqa.selenium.remote.ErrorHandler$UnknownServerException: Unable to locate element: {&quot;method&quot;:&quot;id&quot;,&quot;selector&quot;:&quot;forward&quot;}
Build info: version: &apos;2.14.0&apos;, revision: &apos;14955&apos;, time: &apos;2011-11-29 11:43:45&apos;
System info: os.name: &apos;Windows 7&apos;, os.arch: &apos;amd64&apos;, os.version: &apos;6.1&apos;, java.version: &apos;1.7.0&apos;
Driver info: driver.version: unknown
	at &lt;anonymous class&gt;.&lt;anonymous method&gt;(file:///C:/Users/Sneha/AppData/Local/Temp/anonymous5496014246149658389webdriver-profile/extensions/fxdriver@googlecode.com/components/driver-component.js -&gt; file:///C:/Users/Sneha/AppData/Local/Temp/anonymous5496014246149658389webdriver-profile/extensions/fxdriver@googlecode.com/components/firefoxDriver.js:389)
	at &lt;anonymous class&gt;.&lt;anonymous method&gt;(resource://fxdriver/modules/utils.js:9466)
</error>

      </testcase>

      <testcase classname="sanity_ff.PermsOnForward_DraftsPage" name="SecureGreater25MB" time="72.464">
          <error message="Unable to locate element: {&quot;method&quot;:&quot;id&quot;,&quot;selector&quot;:&quot;heading&quot;}; duration or timeout: 30.39 seconds&#xa;For documentation on this error, please visit: http://seleniumhq.org/exceptions/no_such_element.html&#xa;Build info: version: &apos;2.14.0&apos;, revision: &apos;14955&apos;, time: &apos;2011-11-29 11:43:45&apos;&#xa;System info: os.name: &apos;Windows 7&apos;, os.arch: &apos;amd64&apos;, os.version: &apos;6.1&apos;, java.version: &apos;1.7.0&apos;&#xa;Driver info: driver.version: RemoteWebDriver" type="org.openqa.selenium.NoSuchElementException">org.openqa.selenium.NoSuchElementException: Unable to locate element: {&quot;method&quot;:&quot;id&quot;,&quot;selector&quot;:&quot;heading&quot;}; duration or timeout: 30.39 seconds
For documentation on this error, please visit: http://seleniumhq.org/exceptions/no_such_element.html
Build info: version: &apos;2.14.0&apos;, revision: &apos;14955&apos;, time: &apos;2011-11-29 11:43:45&apos;
System info: os.name: &apos;Windows 7&apos;, os.arch: &apos;amd64&apos;, os.version: &apos;6.1&apos;, java.version: &apos;1.7.0&apos;
Driver info: driver.version: RemoteWebDriver
	at java.lang.reflect.Constructor.newInstance(Constructor.java:525)
	at org.openqa.selenium.remote.ErrorHandler.createThrowable(ErrorHandler.java:147)
	at org.openqa.selenium.remote.ErrorHandler.throwIfResponseFailed(ErrorHandler.java:113)
	at org.openqa.selenium.remote.RemoteWebDriver.execute(RemoteWebDriver.java:400)
	at org.openqa.selenium.remote.RemoteWebDriver.findElement(RemoteWebDriver.java:202)
	at org.openqa.selenium.remote.RemoteWebDriver.findElementById(RemoteWebDriver.java:219)
	at org.openqa.selenium.By$ById.findElement(By.java:216)
	at org.openqa.selenium.remote.RemoteWebDriver.findElement(RemoteWebDriver.java:194)
	at sanity_ff.PermsOnForward_DraftsPage.SecureGreater25MB(PermsOnForward_DraftsPage.java:1424)
Caused by: org.openqa.selenium.remote.ErrorHandler$UnknownServerException: Unable to locate element: {&quot;method&quot;:&quot;id&quot;,&quot;selector&quot;:&quot;heading&quot;}
Build info: version: &apos;2.14.0&apos;, revision: &apos;14955&apos;, time: &apos;2011-11-29 11:43:45&apos;
System info: os.name: &apos;Windows 7&apos;, os.arch: &apos;amd64&apos;, os.version: &apos;6.1&apos;, java.version: &apos;1.7.0&apos;
Driver info: driver.version: unknown
	at &lt;anonymous class&gt;.&lt;anonymous method&gt;(file:///C:/Users/Sneha/AppData/Local/Temp/anonymous7973636939151972800webdriver-profile/extensions/fxdriver@googlecode.com/components/driver-component.js -&gt; file:///C:/Users/Sneha/AppData/Local/Temp/anonymous7973636939151972800webdriver-profile/extensions/fxdriver@googlecode.com/components/firefoxDriver.js:389)
	at &lt;anonymous class&gt;.&lt;anonymous method&gt;(resource://fxdriver/modules/utils.js:9466)
</error>

      </testcase>

      <system-out><![CDATA[Testing user with LFT perms only
First: The page title is Inbox
SUCCESS:Mail successfully sent !
Navigating to base URL
The count for tbody is 1
The count for tr is 26
The count for td is 5
i was here!

i was here!

i was here!

i was here!

i was here!

The count for td is 5
i was here!

i was here!
sneha.qa.24@gmail.com
i was here!
TC--127
i was here!
1 - 47.2 MB
i was here!
11:29am today
The count for td is 5
i was here!

i was here!
snehamtd002@yahoo.com
i was here!
TC--126
i was here!
1 - 47.2 MB
i was here!
11:28am today
The count for td is 5
i was here!

i was here!
sneha.qa.24@gmail.com
i was here!
TC--119
i was here!
1 - 267.3 KB
i was here!
11:23am today
The count for td is 5
i was here!

i was here!
snehamtd002@yahoo.com
i was here!
TC--118
i was here!
1 - 267.3 KB
i was here!
11:22am today
The count for td is 5
i was here!

i was here!
sneha.qa.24@gmail.com
i was here!
Re: TC--87
i was here!
0 - 0 bytes
i was here!
10:32am today
The count for td is 5
i was here!

i was here!
snehamtd002@yahoo.com
i was here!
Re: TC--86
i was here!
0 - 0 bytes
i was here!
10:32am today
The count for td is 5
i was here!

i was here!
sneha.qa.24@gmail.com
i was here!
TC--85
i was here!
0 - 0 bytes
i was here!
10:31am today
The count for td is 5
i was here!

i was here!
sneha.qa.24@gmail.com
i was here!
Re: TC--79
i was here!
1 - 47.2 MB
i was here!
10:30am today
The count for td is 5
i was here!

i was here!
snehamtd002@yahoo.com
i was here!
Re: TC--78
i was here!
1 - 47.2 MB
i was here!
10:29am today
The count for td is 5
i was here!

i was here!
sneha.qa.24@gmail.com
i was here!
TC--77
i was here!
0 - 0 bytes
i was here!
10:28am today
The count for td is 5
i was here!

i was here!
sneha.qa.24@gmail.com
i was here!
Re: TC--71
i was here!
1 - 267.3 KB
i was here!
10:26am today
The count for td is 5
i was here!

i was here!
snehamtd002@yahoo.com
i was here!
Re: TC--70
i was here!
1 - 267.3 KB
i was here!
10:26am today
The count for td is 5
i was here!

i was here!
sneha.qa.24@gmail.com
i was here!
TC--69
i was here!
0 - 0 bytes
i was here!
10:24am today
The count for td is 5
i was here!

i was here!
sneha.qa.24@gmail.com
i was here!
Re: TC--63
i was here!
0 - 0 bytes
i was here!
10:23am today
The count for td is 5
i was here!

i was here!
snehamtd002@yahoo.com
i was here!
Re: TC--62
i was here!
0 - 0 bytes
i was here!
10:22am today
The count for td is 5
i was here!

i was here!
sneha.qa.24@gmail.com
i was here!
TC--61
i was here!
0 - 0 bytes
i was here!
10:21am today
The count for td is 5
i was here!

i was here!
sneha.qa.24@gmail.com
i was here!
TC--53
i was here!
1 - 47.2 MB
i was here!
10:19am today
The count for td is 5
i was here!

i was here!
sneha.qa.24@gmail.com
i was here!
TC--45
i was here!
1 - 267.3 KB
i was here!
10:17am today
The count for td is 5
i was here!

i was here!
sneha.qa.24@gmail.com
i was here!
Fwd: TC--39
i was here!
0 - 0 bytes
i was here!
10:15am today
The count for td is 5
i was here!

i was here!
snehamtd002@yahoo.com
i was here!
Fwd: TC--38
i was here!
0 - 0 bytes
i was here!
10:14am today
The count for td is 5
i was here!

i was here!
sneha.qa.24@gmail.com
i was here!
TC--37
i was here!
0 - 0 bytes
i was here!
10:14am today
The count for td is 5
i was here!

i was here!
sneha.qa.24@gmail.com
i was here!
TC--18
i was here!
1 - 47.2 MB
i was here!
10:12am today
The count for td is 5
i was here!

i was here!
snehamtd002@yahoo.com
i was here!
TC--19
i was here!
1 - 47.2 MB
i was here!
10:11am today
The count for td is 5
i was here!

i was here!
sneha.qa.24@gmail.com
i was here!
TC--10
i was here!
1 - 267.3 KB
i was here!
10:08am today
The count for td is 5
i was here!

i was here!
snehamtd002@yahoo.com
i was here!
TC--11
i was here!
1 - 267.3 KB
i was here!
10:08am today
Testing user with LFT perms only
First: The page title is Inbox
SUCCESS:Mail successfully sent !
Navigating to base URL
The count for tbody is 1
The count for tr is 26
The count for td is 5
i was here!

i was here!

i was here!

i was here!

i was here!

The count for td is 5
i was here!

i was here!
sneha.qa.24@gmail.com
i was here!
TC--133
muunni.24@gmail.com
This email is considered a secure email.  Since you do not have a secure email license, your recipients are required to.  
PASS for muunni.24@gmail.com
Removed user muunni.24@gmail.com from recipient list
snehamtd002@yahoo.com
PASS for snehamtd002@yahoo.com
sneha.qa.24@gmail.com
PASS for sneha.qa.24@gmail.com
snehamtd001@gmail.com
This email is considered a secure email.  Since you do not have a secure email license, your recipients are required to.  
PASS for snehamtd001@gmail.com
Removed user snehamtd001@gmail.com from recipient list
The count for tbody is 1
The count for tr is 2
The count for td is 5
i was here!

i was here!

i was here!

i was here!

i was here!

The count for td is 5
i was here!

i was here!
sneha.qa.24@gmail.com; snehamtd002@yahoo.com
i was here!
Fwd: TC--133
muunni.24@gmail.com
This email is considered a secure email.  Since you do not have a secure email license, your recipients are required to.  
PASS for muunni.24@gmail.com
Removed user muunni.24@gmail.com from recipient list
snehamtd002@yahoo.com
PASS for snehamtd002@yahoo.com
sneha.qa.24@gmail.com
PASS for sneha.qa.24@gmail.com
snehamtd001@gmail.com
This email is considered a secure email.  Since you do not have a secure email license, your recipients are required to.  
PASS for snehamtd001@gmail.com
Removed user snehamtd001@gmail.com from recipient list
PASS:Mail successfully sent.
Testing user with SECURE perms only
First: The page title is Inbox
SUCCESS:Mail successfully sent !
Navigating to base URL
The count for tbody is 1
The count for tr is 26
The count for td is 5
i was here!

i was here!

i was here!

i was here!

i was here!

The count for td is 5
i was here!

i was here!
sneha.qa.24@gmail.com
i was here!
TC--134
muunni.24@gmail.com
PASS for muunni.24@gmail.com
snehamtd002@yahoo.com
PASS for snehamtd002@yahoo.com
sneha.qa.24@gmail.com
PASS for sneha.qa.24@gmail.com
snehamtd001@gmail.com
PASS for snehamtd001@gmail.com
The count for tbody is 1
The count for tr is 2
The count for td is 5
i was here!

i was here!

i was here!

i was here!

i was here!

The count for td is 5
i was here!

i was here!
muunni.24@gmail.com; sneha.qa.24@gmail.com; snehamtd001@gmail.com; snehamtd002@yahoo.com
i was here!
Fwd: TC--134
muunni.24@gmail.com
PASS for muunni.24@gmail.com
snehamtd002@yahoo.com
PASS for snehamtd002@yahoo.com
sneha.qa.24@gmail.com
PASS for sneha.qa.24@gmail.com
snehamtd001@gmail.com
PASS for snehamtd001@gmail.com
PASS:Mail successfully sent.
Testing user with ALL perms
First: The page title is Inbox
SUCCESS:Mail successfully sent !
Navigating to base URL
The count for tbody is 1
The count for tr is 26
The count for td is 5
i was here!

i was here!

i was here!

i was here!

i was here!

The count for td is 5
i was here!

i was here!
sneha.qa.24@gmail.com
i was here!
TC--135
muunni.24@gmail.com
PASS for muunni.24@gmail.com
snehamtd002@yahoo.com
PASS for snehamtd002@yahoo.com
sneha.qa.24@gmail.com
PASS for sneha.qa.24@gmail.com
snehamtd001@gmail.com
PASS for snehamtd001@gmail.com
The count for tbody is 1
The count for tr is 9
The count for td is 5
i was here!

i was here!

i was here!

i was here!

i was here!

The count for td is 5
i was here!

i was here!
muunni.24@gmail.com; sneha.qa.24@gmail.com; snehamtd001@gmail.com; snehamtd002@yahoo.com
i was here!
Fwd: TC--135
muunni.24@gmail.com
PASS for muunni.24@gmail.com
snehamtd002@yahoo.com
PASS for snehamtd002@yahoo.com
sneha.qa.24@gmail.com
PASS for sneha.qa.24@gmail.com
snehamtd001@gmail.com
PASS for snehamtd001@gmail.com
PASS:Mail successfully sent.
Testing user with NO perms
First: The page title is Inbox
SUCCESS:Mail successfully sent !
Navigating to base URL
The count for tbody is 1
The count for tr is 26
The count for td is 5
i was here!

i was here!

i was here!

i was here!

i was here!

The count for td is 5
i was here!

i was here!
sneha.qa.24@gmail.com
i was here!
TC--136
muunni.24@gmail.com
This email is considered a secure email.  Since you do not have a secure email license, your recipients are required to.  
PASS for muunni.24@gmail.com
Removed user muunni.24@gmail.com from recipient list
snehamtd002@yahoo.com
PASS for snehamtd002@yahoo.com
sneha.qa.24@gmail.com
PASS for sneha.qa.24@gmail.com
snehamtd001@gmail.com
This email is considered a secure email.  Since you do not have a secure email license, your recipients are required to.  
PASS for snehamtd001@gmail.com
Removed user snehamtd001@gmail.com from recipient list
The count for tbody is 1
The count for tr is 2
The count for td is 5
i was here!

i was here!

i was here!

i was here!

i was here!

The count for td is 5
i was here!

i was here!
sneha.qa.24@gmail.com; snehamtd002@yahoo.com
i was here!
Fwd: TC--136
muunni.24@gmail.com
This email is considered a secure email.  Since you do not have a secure email license, your recipients are required to.  
PASS for muunni.24@gmail.com
Removed user muunni.24@gmail.com from recipient list
snehamtd002@yahoo.com
PASS for snehamtd002@yahoo.com
sneha.qa.24@gmail.com
PASS for sneha.qa.24@gmail.com
snehamtd001@gmail.com
This email is considered a secure email.  Since you do not have a secure email license, your recipients are required to.  
PASS for snehamtd001@gmail.com
Removed user snehamtd001@gmail.com from recipient list
PASS:Mail successfully sent.
Testing user with LFT perms only
First: The page title is Inbox
SUCCESS:Mail successfully sent !
Navigating to base URL
The count for tbody is 1
The count for tr is 26
The count for td is 5
i was here!

i was here!

i was here!

i was here!

i was here!

The count for td is 5
i was here!

i was here!
sneha.qa.24@gmail.com
i was here!
Fwd: TC--135
i was here!
0 - 0 bytes
i was here!
11:33am today
The count for td is 5
i was here!

i was here!
snehamtd002@yahoo.com
i was here!
Fwd: TC--134
i was here!
0 - 0 bytes
i was here!
11:32am today
The count for td is 5
i was here!

i was here!
sneha.qa.24@gmail.com
i was here!
TC--133
i was here!
0 - 0 bytes
i was here!
11:31am today
The count for td is 5
i was here!

i was here!
sneha.qa.24@gmail.com
i was here!
TC--127
i was here!
1 - 47.2 MB
i was here!
11:29am today
The count for td is 5
i was here!

i was here!
snehamtd002@yahoo.com
i was here!
TC--126
i was here!
1 - 47.2 MB
i was here!
11:28am today
The count for td is 5
i was here!

i was here!
sneha.qa.24@gmail.com
i was here!
TC--119
i was here!
1 - 267.3 KB
i was here!
11:23am today
The count for td is 5
i was here!

i was here!
snehamtd002@yahoo.com
i was here!
TC--118
i was here!
1 - 267.3 KB
i was here!
11:22am today
The count for td is 5
i was here!

i was here!
sneha.qa.24@gmail.com
i was here!
Re: TC--87
i was here!
0 - 0 bytes
i was here!
10:32am today
The count for td is 5
i was here!

i was here!
snehamtd002@yahoo.com
i was here!
Re: TC--86
i was here!
0 - 0 bytes
i was here!
10:32am today
The count for td is 5
i was here!

i was here!
sneha.qa.24@gmail.com
i was here!
TC--85
i was here!
0 - 0 bytes
i was here!
10:31am today
The count for td is 5
i was here!

i was here!
sneha.qa.24@gmail.com
i was here!
Re: TC--79
i was here!
1 - 47.2 MB
i was here!
10:30am today
The count for td is 5
i was here!

i was here!
snehamtd002@yahoo.com
i was here!
Re: TC--78
i was here!
1 - 47.2 MB
i was here!
10:29am today
The count for td is 5
i was here!

i was here!
sneha.qa.24@gmail.com
i was here!
TC--77
i was here!
0 - 0 bytes
i was here!
10:28am today
The count for td is 5
i was here!

i was here!
sneha.qa.24@gmail.com
i was here!
Re: TC--71
i was here!
1 - 267.3 KB
i was here!
10:26am today
The count for td is 5
i was here!

i was here!
snehamtd002@yahoo.com
i was here!
Re: TC--70
i was here!
1 - 267.3 KB
i was here!
10:26am today
The count for td is 5
i was here!

i was here!
sneha.qa.24@gmail.com
i was here!
TC--69
i was here!
0 - 0 bytes
i was here!
10:24am today
The count for td is 5
i was here!

i was here!
sneha.qa.24@gmail.com
i was here!
Re: TC--63
i was here!
0 - 0 bytes
i was here!
10:23am today
The count for td is 5
i was here!

i was here!
snehamtd002@yahoo.com
i was here!
Re: TC--62
i was here!
0 - 0 bytes
i was here!
10:22am today
The count for td is 5
i was here!

i was here!
sneha.qa.24@gmail.com
i was here!
TC--61
i was here!
0 - 0 bytes
i was here!
10:21am today
The count for td is 5
i was here!

i was here!
sneha.qa.24@gmail.com
i was here!
TC--53
i was here!
1 - 47.2 MB
i was here!
10:19am today
The count for td is 5
i was here!

i was here!
sneha.qa.24@gmail.com
i was here!
TC--45
i was here!
1 - 267.3 KB
i was here!
10:17am today
The count for td is 5
i was here!

i was here!
sneha.qa.24@gmail.com
i was here!
Fwd: TC--39
i was here!
0 - 0 bytes
i was here!
10:15am today
The count for td is 5
i was here!

i was here!
snehamtd002@yahoo.com
i was here!
Fwd: TC--38
i was here!
0 - 0 bytes
i was here!
10:14am today
The count for td is 5
i was here!

i was here!
sneha.qa.24@gmail.com
i was here!
TC--37
i was here!
0 - 0 bytes
i was here!
10:14am today
The count for td is 5
i was here!

i was here!
sneha.qa.24@gmail.com
i was here!
TC--18
i was here!
1 - 47.2 MB
i was here!
10:12am today
Testing user with LFT perms only
First: The page title is Inbox
SUCCESS:Mail successfully sent !
Navigating to base URL
The count for tbody is 1
The count for tr is 26
The count for td is 5
i was here!

i was here!

i was here!

i was here!

i was here!

The count for td is 5
i was here!

i was here!
sneha.qa.24@gmail.com
i was here!
TC--141
Testing user with LFT perms only
First: The page title is Inbox
SUCCESS:Mail successfully sent !
Navigating to base URL
The count for tbody is 1
The count for tr is 26
The count for td is 5
i was here!

i was here!

i was here!

i was here!

i was here!

The count for td is 5
i was here!

i was here!
sneha.qa.24@gmail.com
i was here!
TC--141
i was here!
1 - 267.3 KB
i was here!
11:35am today
The count for td is 5
i was here!

i was here!
sneha.qa.24@gmail.com
i was here!
Fwd: TC--135
i was here!
0 - 0 bytes
i was here!
11:33am today
The count for td is 5
i was here!

i was here!
snehamtd002@yahoo.com
i was here!
Fwd: TC--134
i was here!
0 - 0 bytes
i was here!
11:32am today
The count for td is 5
i was here!

i was here!
sneha.qa.24@gmail.com
i was here!
TC--133
i was here!
0 - 0 bytes
i was here!
11:31am today
The count for td is 5
i was here!

i was here!
sneha.qa.24@gmail.com
i was here!
TC--127
i was here!
1 - 47.2 MB
i was here!
11:29am today
The count for td is 5
i was here!

i was here!
snehamtd002@yahoo.com
i was here!
TC--126
i was here!
1 - 47.2 MB
i was here!
11:28am today
The count for td is 5
i was here!

i was here!
sneha.qa.24@gmail.com
i was here!
TC--119
i was here!
1 - 267.3 KB
i was here!
11:23am today
The count for td is 5
i was here!

i was here!
snehamtd002@yahoo.com
i was here!
TC--118
i was here!
1 - 267.3 KB
i was here!
11:22am today
The count for td is 5
i was here!

i was here!
sneha.qa.24@gmail.com
i was here!
Re: TC--87
i was here!
0 - 0 bytes
i was here!
10:32am today
The count for td is 5
i was here!

i was here!
snehamtd002@yahoo.com
i was here!
Re: TC--86
i was here!
0 - 0 bytes
i was here!
10:32am today
The count for td is 5
i was here!

i was here!
sneha.qa.24@gmail.com
i was here!
TC--85
i was here!
0 - 0 bytes
i was here!
10:31am today
The count for td is 5
i was here!

i was here!
sneha.qa.24@gmail.com
i was here!
Re: TC--79
i was here!
1 - 47.2 MB
i was here!
10:30am today
The count for td is 5
i was here!

i was here!
snehamtd002@yahoo.com
i was here!
Re: TC--78
i was here!
1 - 47.2 MB
i was here!
10:29am today
The count for td is 5
i was here!

i was here!
sneha.qa.24@gmail.com
i was here!
TC--77
i was here!
0 - 0 bytes
i was here!
10:28am today
The count for td is 5
i was here!

i was here!
sneha.qa.24@gmail.com
i was here!
Re: TC--71
i was here!
1 - 267.3 KB
i was here!
10:26am today
The count for td is 5
i was here!

i was here!
snehamtd002@yahoo.com
i was here!
Re: TC--70
i was here!
1 - 267.3 KB
i was here!
10:26am today
The count for td is 5
i was here!

i was here!
sneha.qa.24@gmail.com
i was here!
TC--69
i was here!
0 - 0 bytes
i was here!
10:24am today
The count for td is 5
i was here!

i was here!
sneha.qa.24@gmail.com
i was here!
Re: TC--63
i was here!
0 - 0 bytes
i was here!
10:23am today
The count for td is 5
i was here!

i was here!
snehamtd002@yahoo.com
i was here!
Re: TC--62
i was here!
0 - 0 bytes
i was here!
10:22am today
The count for td is 5
i was here!

i was here!
sneha.qa.24@gmail.com
i was here!
TC--61
i was here!
0 - 0 bytes
i was here!
10:21am today
The count for td is 5
i was here!

i was here!
sneha.qa.24@gmail.com
i was here!
TC--53
i was here!
1 - 47.2 MB
i was here!
10:19am today
The count for td is 5
i was here!

i was here!
sneha.qa.24@gmail.com
i was here!
TC--45
i was here!
1 - 267.3 KB
i was here!
10:17am today
The count for td is 5
i was here!

i was here!
sneha.qa.24@gmail.com
i was here!
Fwd: TC--39
i was here!
0 - 0 bytes
i was here!
10:15am today
The count for td is 5
i was here!

i was here!
snehamtd002@yahoo.com
i was here!
Fwd: TC--38
i was here!
0 - 0 bytes
i was here!
10:14am today
The count for td is 5
i was here!

i was here!
sneha.qa.24@gmail.com
i was here!
TC--37
i was here!
0 - 0 bytes
i was here!
10:14am today
Testing user with LFT perms only
First: The page title is Inbox
SUCCESS:Mail successfully sent !
Navigating to base URL
The count for tbody is 1
The count for tr is 26
The count for td is 5
i was here!

i was here!

i was here!

i was here!

i was here!

The count for td is 5
i was here!

i was here!
sneha.qa.24@gmail.com
i was here!
TC--149
]]></system-out>

      <system-err><![CDATA[]]></system-err>

  </testsuite>
  <testsuite errors="3" failures="0" hostname="Sneha-PC" id="2" name="PermsOnReplyToAll_DraftsPage" package="sanity_ff" tests="6" time="834.27" timestamp="2011-12-20T17:38:32">
      <properties>
[...]
</properties>

      <testcase classname="sanity_ff.PermsOnReplyToAll_DraftsPage" name="NonSecureGreaterThan25mb" time="76.27">
          <error message="Unable to locate element: {&quot;method&quot;:&quot;id&quot;,&quot;selector&quot;:&quot;reply-all&quot;}; duration or timeout: 30.09 seconds&#xa;For documentation on this error, please visit: http://seleniumhq.org/exceptions/no_such_element.html&#xa;Build info: version: &apos;2.14.0&apos;, revision: &apos;14955&apos;, time: &apos;2011-11-29 11:43:45&apos;&#xa;System info: os.name: &apos;Windows 7&apos;, os.arch: &apos;amd64&apos;, os.version: &apos;6.1&apos;, java.version: &apos;1.7.0&apos;&#xa;Driver info: driver.version: RemoteWebDriver" type="org.openqa.selenium.NoSuchElementException">org.openqa.selenium.NoSuchElementException: Unable to locate element: {&quot;method&quot;:&quot;id&quot;,&quot;selector&quot;:&quot;reply-all&quot;}; duration or timeout: 30.09 seconds
For documentation on this error, please visit: http://seleniumhq.org/exceptions/no_such_element.html
Build info: version: &apos;2.14.0&apos;, revision: &apos;14955&apos;, time: &apos;2011-11-29 11:43:45&apos;
System info: os.name: &apos;Windows 7&apos;, os.arch: &apos;amd64&apos;, os.version: &apos;6.1&apos;, java.version: &apos;1.7.0&apos;
Driver info: driver.version: RemoteWebDriver
	at java.lang.reflect.Constructor.newInstance(Constructor.java:525)
	at org.openqa.selenium.remote.ErrorHandler.createThrowable(ErrorHandler.java:147)
	at org.openqa.selenium.remote.ErrorHandler.throwIfResponseFailed(ErrorHandler.java:113)
	at org.openqa.selenium.remote.RemoteWebDriver.execute(RemoteWebDriver.java:400)
	at org.openqa.selenium.remote.RemoteWebDriver.findElement(RemoteWebDriver.java:202)
	at org.openqa.selenium.remote.RemoteWebDriver.findElementById(RemoteWebDriver.java:219)
	at org.openqa.selenium.By$ById.findElement(By.java:216)
	at org.openqa.selenium.remote.RemoteWebDriver.findElement(RemoteWebDriver.java:194)
	at sanity_ff.PermsOnReplyToAll_DraftsPage.NonSecureGreaterThan25mb(PermsOnReplyToAll_DraftsPage.java:616)
Caused by: org.openqa.selenium.remote.ErrorHandler$UnknownServerException: Unable to locate element: {&quot;method&quot;:&quot;id&quot;,&quot;selector&quot;:&quot;reply-all&quot;}
Build info: version: &apos;2.14.0&apos;, revision: &apos;14955&apos;, time: &apos;2011-11-29 11:43:45&apos;
System info: os.name: &apos;Windows 7&apos;, os.arch: &apos;amd64&apos;, os.version: &apos;6.1&apos;, java.version: &apos;1.7.0&apos;
Driver info: driver.version: unknown
	at &lt;anonymous class&gt;.&lt;anonymous method&gt;(file:///C:/Users/Sneha/AppData/Local/Temp/anonymous3259033869863243313webdriver-profile/extensions/fxdriver@googlecode.com/components/driver-component.js -&gt; file:///C:/Users/Sneha/AppData/Local/Temp/anonymous3259033869863243313webdriver-profile/extensions/fxdriver@googlecode.com/components/firefoxDriver.js:389)
	at &lt;anonymous class&gt;.&lt;anonymous method&gt;(resource://fxdriver/modules/utils.js:9466)
</error>

      </testcase>

      <testcase classname="sanity_ff.PermsOnReplyToAll_DraftsPage" name="SecureNoattachs" time="184.535" />

      <testcase classname="sanity_ff.PermsOnReplyToAll_DraftsPage" name="SecureLesserThan25mb" time="218.839" />

      <testcase classname="sanity_ff.PermsOnReplyToAll_DraftsPage" name="NonSecureNoattachs" time="63.494">
          <error message="Unable to locate element: {&quot;method&quot;:&quot;id&quot;,&quot;selector&quot;:&quot;reply-all&quot;}; duration or timeout: 30.06 seconds&#xa;For documentation on this error, please visit: http://seleniumhq.org/exceptions/no_such_element.html&#xa;Build info: version: &apos;2.14.0&apos;, revision: &apos;14955&apos;, time: &apos;2011-11-29 11:43:45&apos;&#xa;System info: os.name: &apos;Windows 7&apos;, os.arch: &apos;amd64&apos;, os.version: &apos;6.1&apos;, java.version: &apos;1.7.0&apos;&#xa;Driver info: driver.version: RemoteWebDriver" type="org.openqa.selenium.NoSuchElementException">org.openqa.selenium.NoSuchElementException: Unable to locate element: {&quot;method&quot;:&quot;id&quot;,&quot;selector&quot;:&quot;reply-all&quot;}; duration or timeout: 30.06 seconds
For documentation on this error, please visit: http://seleniumhq.org/exceptions/no_such_element.html
Build info: version: &apos;2.14.0&apos;, revision: &apos;14955&apos;, time: &apos;2011-11-29 11:43:45&apos;
System info: os.name: &apos;Windows 7&apos;, os.arch: &apos;amd64&apos;, os.version: &apos;6.1&apos;, java.version: &apos;1.7.0&apos;
Driver info: driver.version: RemoteWebDriver
	at java.lang.reflect.Constructor.newInstance(Constructor.java:525)
	at org.openqa.selenium.remote.ErrorHandler.createThrowable(ErrorHandler.java:147)
	at org.openqa.selenium.remote.ErrorHandler.throwIfResponseFailed(ErrorHandler.java:113)
	at org.openqa.selenium.remote.RemoteWebDriver.execute(RemoteWebDriver.java:400)
	at org.openqa.selenium.remote.RemoteWebDriver.findElement(RemoteWebDriver.java:202)
	at org.openqa.selenium.remote.RemoteWebDriver.findElementById(RemoteWebDriver.java:219)
	at org.openqa.selenium.By$ById.findElement(By.java:216)
	at org.openqa.selenium.remote.RemoteWebDriver.findElement(RemoteWebDriver.java:194)
	at sanity_ff.PermsOnReplyToAll_DraftsPage.NonSecureNoattachs(PermsOnReplyToAll_DraftsPage.java:84)
Caused by: org.openqa.selenium.remote.ErrorHandler$UnknownServerException: Unable to locate element: {&quot;method&quot;:&quot;id&quot;,&quot;selector&quot;:&quot;reply-all&quot;}
Build info: version: &apos;2.14.0&apos;, revision: &apos;14955&apos;, time: &apos;2011-11-29 11:43:45&apos;
System info: os.name: &apos;Windows 7&apos;, os.arch: &apos;amd64&apos;, os.version: &apos;6.1&apos;, java.version: &apos;1.7.0&apos;
Driver info: driver.version: unknown
	at &lt;anonymous class&gt;.&lt;anonymous method&gt;(file:///C:/Users/Sneha/AppData/Local/Temp/anonymous4729388760273823456webdriver-profile/extensions/fxdriver@googlecode.com/components/driver-component.js -&gt; file:///C:/Users/Sneha/AppData/Local/Temp/anonymous4729388760273823456webdriver-profile/extensions/fxdriver@googlecode.com/components/firefoxDriver.js:389)
	at &lt;anonymous class&gt;.&lt;anonymous method&gt;(resource://fxdriver/modules/utils.js:9466)
</error>

      </testcase>

      <testcase classname="sanity_ff.PermsOnReplyToAll_DraftsPage" name="NonSecureLesserThan25mb" time="64.15">
          <error message="Unable to locate element: {&quot;method&quot;:&quot;id&quot;,&quot;selector&quot;:&quot;reply-all&quot;}; duration or timeout: 30.08 seconds&#xa;For documentation on this error, please visit: http://seleniumhq.org/exceptions/no_such_element.html&#xa;Build info: version: &apos;2.14.0&apos;, revision: &apos;14955&apos;, time: &apos;2011-11-29 11:43:45&apos;&#xa;System info: os.name: &apos;Windows 7&apos;, os.arch: &apos;amd64&apos;, os.version: &apos;6.1&apos;, java.version: &apos;1.7.0&apos;&#xa;Driver info: driver.version: RemoteWebDriver" type="org.openqa.selenium.NoSuchElementException">org.openqa.selenium.NoSuchElementException: Unable to locate element: {&quot;method&quot;:&quot;id&quot;,&quot;selector&quot;:&quot;reply-all&quot;}; duration or timeout: 30.08 seconds
For documentation on this error, please visit: http://seleniumhq.org/exceptions/no_such_element.html
Build info: version: &apos;2.14.0&apos;, revision: &apos;14955&apos;, time: &apos;2011-11-29 11:43:45&apos;
System info: os.name: &apos;Windows 7&apos;, os.arch: &apos;amd64&apos;, os.version: &apos;6.1&apos;, java.version: &apos;1.7.0&apos;
Driver info: driver.version: RemoteWebDriver
	at java.lang.reflect.Constructor.newInstance(Constructor.java:525)
	at org.openqa.selenium.remote.ErrorHandler.createThrowable(ErrorHandler.java:147)
	at org.openqa.selenium.remote.ErrorHandler.throwIfResponseFailed(ErrorHandler.java:113)
	at org.openqa.selenium.remote.RemoteWebDriver.execute(RemoteWebDriver.java:400)
	at org.openqa.selenium.remote.RemoteWebDriver.findElement(RemoteWebDriver.java:202)
	at org.openqa.selenium.remote.RemoteWebDriver.findElementById(RemoteWebDriver.java:219)
	at org.openqa.selenium.By$ById.findElement(By.java:216)
	at org.openqa.selenium.remote.RemoteWebDriver.findElement(RemoteWebDriver.java:194)
	at sanity_ff.PermsOnReplyToAll_DraftsPage.NonSecureLesserThan25mb(PermsOnReplyToAll_DraftsPage.java:1238)
Caused by: org.openqa.selenium.remote.ErrorHandler$UnknownServerException: Unable to locate element: {&quot;method&quot;:&quot;id&quot;,&quot;selector&quot;:&quot;reply-all&quot;}
Build info: version: &apos;2.14.0&apos;, revision: &apos;14955&apos;, time: &apos;2011-11-29 11:43:45&apos;
System info: os.name: &apos;Windows 7&apos;, os.arch: &apos;amd64&apos;, os.version: &apos;6.1&apos;, java.version: &apos;1.7.0&apos;
Driver info: driver.version: unknown
	at &lt;anonymous class&gt;.&lt;anonymous method&gt;(file:///C:/Users/Sneha/AppData/Local/Temp/anonymous2428686984248482125webdriver-profile/extensions/fxdriver@googlecode.com/components/driver-component.js -&gt; file:///C:/Users/Sneha/AppData/Local/Temp/anonymous2428686984248482125webdriver-profile/extensions/fxdriver@googlecode.com/components/firefoxDriver.js:389)
	at &lt;anonymous class&gt;.&lt;anonymous method&gt;(resource://fxdriver/modules/utils.js:9466)
</error>

      </testcase>

      <testcase classname="sanity_ff.PermsOnReplyToAll_DraftsPage" name="SecureGreaterThan25mb" time="226.81" />

      <system-out><![CDATA[Testing user with LFT perms only
First: The page title is Inbox
SUCCESS:Mail successfully sent !
Navigating to base URL
The count for tbody is 1
The count for tr is 26
The count for td is 5
i was here!

i was here!

i was here!

i was here!

i was here!

The count for td is 5
i was here!

i was here!
sneha.qa.24@gmail.com
i was here!
TC--149
i was here!
1 - 47.2 MB
i was here!
11:37am today
The count for td is 5
i was here!

i was here!
sneha.qa.24@gmail.com
i was here!
TC--141
i was here!
1 - 267.3 KB
i was here!
11:35am today
The count for td is 5
i was here!

i was here!
sneha.qa.24@gmail.com
i was here!
Fwd: TC--135
i was here!
0 - 0 bytes
i was here!
11:33am today
The count for td is 5
i was here!

i was here!
snehamtd002@yahoo.com
i was here!
Fwd: TC--134
i was here!
0 - 0 bytes
i was here!
11:32am today
The count for td is 5
i was here!

i was here!
sneha.qa.24@gmail.com
i was here!
TC--133
i was here!
0 - 0 bytes
i was here!
11:31am today
The count for td is 5
i was here!

i was here!
sneha.qa.24@gmail.com
i was here!
TC--127
i was here!
1 - 47.2 MB
i was here!
11:29am today
The count for td is 5
i was here!

i was here!
snehamtd002@yahoo.com
i was here!
TC--126
i was here!
1 - 47.2 MB
i was here!
11:28am today
The count for td is 5
i was here!

i was here!
sneha.qa.24@gmail.com
i was here!
TC--119
i was here!
1 - 267.3 KB
i was here!
11:23am today
The count for td is 5
i was here!

i was here!
snehamtd002@yahoo.com
i was here!
TC--118
i was here!
1 - 267.3 KB
i was here!
11:22am today
The count for td is 5
i was here!

i was here!
sneha.qa.24@gmail.com
i was here!
Re: TC--87
i was here!
0 - 0 bytes
i was here!
10:32am today
The count for td is 5
i was here!

i was here!
snehamtd002@yahoo.com
i was here!
Re: TC--86
i was here!
0 - 0 bytes
i was here!
10:32am today
The count for td is 5
i was here!

i was here!
sneha.qa.24@gmail.com
i was here!
TC--85
i was here!
0 - 0 bytes
i was here!
10:31am today
The count for td is 5
i was here!

i was here!
sneha.qa.24@gmail.com
i was here!
Re: TC--79
i was here!
1 - 47.2 MB
i was here!
10:30am today
The count for td is 5
i was here!

i was here!
snehamtd002@yahoo.com
i was here!
Re: TC--78
i was here!
1 - 47.2 MB
i was here!
10:29am today
The count for td is 5
i was here!

i was here!
sneha.qa.24@gmail.com
i was here!
TC--77
i was here!
0 - 0 bytes
i was here!
10:28am today
The count for td is 5
i was here!

i was here!
sneha.qa.24@gmail.com
i was here!
Re: TC--71
i was here!
1 - 267.3 KB
i was here!
10:26am today
The count for td is 5
i was here!

i was here!
snehamtd002@yahoo.com
i was here!
Re: TC--70
i was here!
1 - 267.3 KB
i was here!
10:26am today
The count for td is 5
i was here!

i was here!
sneha.qa.24@gmail.com
i was here!
TC--69
i was here!
0 - 0 bytes
i was here!
10:24am today
The count for td is 5
i was here!

i was here!
sneha.qa.24@gmail.com
i was here!
Re: TC--63
i was here!
0 - 0 bytes
i was here!
10:23am today
The count for td is 5
i was here!

i was here!
snehamtd002@yahoo.com
i was here!
Re: TC--62
i was here!
0 - 0 bytes
i was here!
10:22am today
The count for td is 5
i was here!

i was here!
sneha.qa.24@gmail.com
i was here!
TC--61
i was here!
0 - 0 bytes
i was here!
10:21am today
The count for td is 5
i was here!

i was here!
sneha.qa.24@gmail.com
i was here!
TC--53
i was here!
1 - 47.2 MB
i was here!
10:19am today
The count for td is 5
i was here!

i was here!
sneha.qa.24@gmail.com
i was here!
TC--45
i was here!
1 - 267.3 KB
i was here!
10:17am today
The count for td is 5
i was here!

i was here!
sneha.qa.24@gmail.com
i was here!
Fwd: TC--39
i was here!
0 - 0 bytes
i was here!
10:15am today
The count for td is 5
i was here!

i was here!
snehamtd002@yahoo.com
i was here!
Fwd: TC--38
i was here!
0 - 0 bytes
i was here!
10:14am today
Testing user with LFT perms only
First: The page title is Inbox
SUCCESS:Mail successfully sent !
Navigating to base URL
The count for tbody is 1
The count for tr is 26
The count for td is 5
i was here!

i was here!

i was here!

i was here!

i was here!

The count for td is 5
i was here!

i was here!
sneha.qa.24@gmail.com
i was here!
TC--181
muunni.24@gmail.com
This email is considered a secure email.  Since you do not have a secure email license, your recipients are required to.  
PASS for muunni.24@gmail.com
Removed user muunni.24@gmail.com from recipient list
snehamtd002@yahoo.com
PASS for snehamtd002@yahoo.com
sneha.qa.24@gmail.com
PASS for sneha.qa.24@gmail.com
snehamtd001@gmail.com
This email is considered a secure email.  Since you do not have a secure email license, your recipients are required to.  
PASS for snehamtd001@gmail.com
Removed user snehamtd001@gmail.com from recipient list
The count for tbody is 1
The count for tr is 2
The count for td is 5
i was here!

i was here!

i was here!

i was here!

i was here!

The count for td is 5
i was here!

i was here!
sneha.qa.24@gmail.com; snehamtd002@yahoo.com
i was here!
Re: TC--181
muunni.24@gmail.com
This email is considered a secure email.  Since you do not have a secure email license, your recipients are required to.  
PASS for muunni.24@gmail.com
Removed user muunni.24@gmail.com from recipient list
snehamtd002@yahoo.com
PASS for snehamtd002@yahoo.com
sneha.qa.24@gmail.com
PASS for sneha.qa.24@gmail.com
snehamtd001@gmail.com
This email is considered a secure email.  Since you do not have a secure email license, your recipients are required to.  
PASS for snehamtd001@gmail.com
Removed user snehamtd001@gmail.com from recipient list
PASS:Mail successfully sent.
Testing user with SECURE perms only
First: The page title is Inbox
SUCCESS:Mail successfully sent !
Navigating to base URL
The count for tbody is 1
The count for tr is 26
The count for td is 5
i was here!

i was here!

i was here!

i was here!

i was here!

The count for td is 5
i was here!

i was here!
sneha.qa.24@gmail.com
i was here!
TC--182
muunni.24@gmail.com
PASS for muunni.24@gmail.com
snehamtd002@yahoo.com
PASS for snehamtd002@yahoo.com
sneha.qa.24@gmail.com
PASS for sneha.qa.24@gmail.com
snehamtd001@gmail.com
PASS for snehamtd001@gmail.com
The count for tbody is 1
The count for tr is 2
The count for td is 5
i was here!

i was here!

i was here!

i was here!

i was here!

The count for td is 5
i was here!

i was here!
sneha.qa.24@gmail.com; muunni.24@gmail.com; snehamtd001@gmail.com; snehamtd002@yahoo.com
i was here!
Re: TC--182
muunni.24@gmail.com
PASS for muunni.24@gmail.com
snehamtd002@yahoo.com
PASS for snehamtd002@yahoo.com
sneha.qa.24@gmail.com
PASS for sneha.qa.24@gmail.com
snehamtd001@gmail.com
PASS for snehamtd001@gmail.com
PASS:Mail successfully sent.
Testing user with ALL perms
First: The page title is Inbox
SUCCESS:Mail successfully sent !
Navigating to base URL
The count for tbody is 1
The count for tr is 26
The count for td is 5
i was here!

i was here!

i was here!

i was here!

i was here!

The count for td is 5
i was here!

i was here!
sneha.qa.24@gmail.com
i was here!
TC--183
muunni.24@gmail.com
PASS for muunni.24@gmail.com
snehamtd002@yahoo.com
PASS for snehamtd002@yahoo.com
sneha.qa.24@gmail.com
PASS for sneha.qa.24@gmail.com
snehamtd001@gmail.com
PASS for snehamtd001@gmail.com
The count for tbody is 1
The count for tr is 9
The count for td is 5
i was here!

i was here!

i was here!

i was here!

i was here!

The count for td is 5
i was here!

i was here!
sneha.qa.24@gmail.com; muunni.24@gmail.com; snehamtd001@gmail.com; snehamtd002@yahoo.com
i was here!
Re: TC--183
muunni.24@gmail.com
PASS for muunni.24@gmail.com
snehamtd002@yahoo.com
PASS for snehamtd002@yahoo.com
sneha.qa.24@gmail.com
PASS for sneha.qa.24@gmail.com
snehamtd001@gmail.com
PASS for snehamtd001@gmail.com
PASS:Mail successfully sent.
Testing user with NO perms
First: The page title is Inbox
SUCCESS:Mail successfully sent !
Navigating to base URL
The count for tbody is 1
The count for tr is 26
The count for td is 5
i was here!

i was here!

i was here!

i was here!

i was here!

The count for td is 5
i was here!

i was here!
sneha.qa.24@gmail.com
i was here!
TC--184
muunni.24@gmail.com
This email is considered a secure email.  Since you do not have a secure email license, your recipients are required to.  
PASS for muunni.24@gmail.com
Removed user muunni.24@gmail.com from recipient list
snehamtd002@yahoo.com
PASS for snehamtd002@yahoo.com
sneha.qa.24@gmail.com
PASS for sneha.qa.24@gmail.com
snehamtd001@gmail.com
This email is considered a secure email.  Since you do not have a secure email license, your recipients are required to.  
PASS for snehamtd001@gmail.com
Removed user snehamtd001@gmail.com from recipient list
The count for tbody is 1
The count for tr is 2
The count for td is 5
i was here!

i was here!

i was here!

i was here!

i was here!

The count for td is 5
i was here!

i was here!
sneha.qa.24@gmail.com; snehamtd002@yahoo.com
i was here!
Re: TC--184
muunni.24@gmail.com
This email is considered a secure email.  Since you do not have a secure email license, your recipients are required to.  
PASS for muunni.24@gmail.com
Removed user muunni.24@gmail.com from recipient list
snehamtd002@yahoo.com
PASS for snehamtd002@yahoo.com
sneha.qa.24@gmail.com
PASS for sneha.qa.24@gmail.com
snehamtd001@gmail.com
This email is considered a secure email.  Since you do not have a secure email license, your recipients are required to.  
PASS for snehamtd001@gmail.com
Removed user snehamtd001@gmail.com from recipient list
PASS:Mail successfully sent.
Testing user with LFT perms only
First: The page title is Inbox
SUCCESS:Mail successfully sent !
Navigating to base URL
The count for tbody is 1
The count for tr is 26
The count for td is 5
i was here!

i was here!

i was here!

i was here!

i was here!

The count for td is 5
i was here!

i was here!
sneha.qa.24@gmail.com
i was here!
TC--189
muunni.24@gmail.com
This email is considered a secure email.  Since you do not have a secure email license, your recipients are required to.  
PASS for muunni.24@gmail.com
Removed user muunni.24@gmail.com from recipient list
snehamtd002@yahoo.com
PASS for snehamtd002@yahoo.com
sneha.qa.24@gmail.com
PASS for sneha.qa.24@gmail.com
snehamtd001@gmail.com
This email is considered a secure email.  Since you do not have a secure email license, your recipients are required to.  
PASS for snehamtd001@gmail.com
Removed user snehamtd001@gmail.com from recipient list
The count for tbody is 1
The count for tr is 2
The count for td is 5
i was here!

i was here!

i was here!

i was here!

i was here!

The count for td is 5
i was here!

i was here!
sneha.qa.24@gmail.com; snehamtd002@yahoo.com
i was here!
Re: TC--189
muunni.24@gmail.com
This email is considered a secure email.  Since you do not have a secure email license, your recipients are required to.  
PASS for muunni.24@gmail.com
Removed user muunni.24@gmail.com from recipient list
snehamtd002@yahoo.com
PASS for snehamtd002@yahoo.com
sneha.qa.24@gmail.com
PASS for sneha.qa.24@gmail.com
snehamtd001@gmail.com
This email is considered a secure email.  Since you do not have a secure email license, your recipients are required to.  
PASS for snehamtd001@gmail.com
Removed user snehamtd001@gmail.com from recipient list
PASS:Mail successfully sent.
Testing user with SECURE perms only
First: The page title is Inbox
SUCCESS:Mail successfully sent !
Navigating to base URL
The count for tbody is 1
The count for tr is 26
The count for td is 5
i was here!

i was here!

i was here!

i was here!

i was here!

The count for td is 5
i was here!

i was here!
sneha.qa.24@gmail.com
i was here!
TC--190
muunni.24@gmail.com
PASS for muunni.24@gmail.com
snehamtd002@yahoo.com
PASS for snehamtd002@yahoo.com
sneha.qa.24@gmail.com
PASS for sneha.qa.24@gmail.com
snehamtd001@gmail.com
PASS for snehamtd001@gmail.com
[...]
The count for td is 5
i was here!

i was here!

i was here!

i was here!

i was here!

The count for td is 5
i was here!

i was here!
sneha.qa.24@gmail.com; snehamtd002@yahoo.com
i was here!
Re: TC--160
muunni.24@gmail.com
This email is considered a secure email.  Since you do not have a secure email license, your recipients are required to.  
PASS for muunni.24@gmail.com
Removed user muunni.24@gmail.com from recipient list
snehamtd002@yahoo.com
PASS for snehamtd002@yahoo.com
sneha.qa.24@gmail.com
PASS for sneha.qa.24@gmail.com
snehamtd001@gmail.com
This email is considered a secure email.  Since you do not have a secure email license, your recipients are required to.  
PASS for snehamtd001@gmail.com
Removed user snehamtd001@gmail.com from recipient list
PASS:Mail successfully sent.
Testing user with LFT perms only
First: The page title is Inbox
SUCCESS:Mail successfully sent !
Navigating to base URL
The count for tbody is 1
The count for tr is 26
The count for td is 5
i was here!

i was here!

i was here!

i was here!

i was here!

The count for td is 5
i was here!

i was here!
sneha.qa.24@gmail.com
i was here!
TC--165
muunni.24@gmail.com
This email is considered a secure email.  Since you do not have a secure email license, your recipients are required to.  
PASS for muunni.24@gmail.com
Removed user muunni.24@gmail.com from recipient list
snehamtd002@yahoo.com
PASS for snehamtd002@yahoo.com
sneha.qa.24@gmail.com
PASS for sneha.qa.24@gmail.com
snehamtd001@gmail.com
This email is considered a secure email.  Since you do not have a secure email license, your recipients are required to.  
PASS for snehamtd001@gmail.com
Removed user snehamtd001@gmail.com from recipient list
The count for tbody is 1
The count for tr is 2
The count for td is 5
i was here!

i was here!

i was here!

i was here!

i was here!

The count for td is 5
i was here!

i was here!
sneha.qa.24@gmail.com; snehamtd002@yahoo.com
i was here!
Re: TC--165
muunni.24@gmail.com
This email is considered a secure email.  Since you do not have a secure email license, your recipients are required to.  
PASS for muunni.24@gmail.com
Removed user muunni.24@gmail.com from recipient list
snehamtd002@yahoo.com
PASS for snehamtd002@yahoo.com
sneha.qa.24@gmail.com
PASS for sneha.qa.24@gmail.com
snehamtd001@gmail.com
This email is considered a secure email.  Since you do not have a secure email license, your recipients are required to.  
PASS for snehamtd001@gmail.com
Removed user snehamtd001@gmail.com from recipient list
PASS:Mail successfully sent.
Testing user with SECURE perms only
First: The page title is Inbox
SUCCESS:Mail successfully sent !
Navigating to base URL
The count for tbody is 1
The count for tr is 26
The count for td is 5
i was here!

i was here!

i was here!

i was here!

i was here!

The count for td is 5
i was here!

i was here!
sneha.qa.24@gmail.com
i was here!
TC--166
muunni.24@gmail.com
PASS for muunni.24@gmail.com
snehamtd002@yahoo.com
PASS for snehamtd002@yahoo.com
sneha.qa.24@gmail.com
PASS for sneha.qa.24@gmail.com
Testing user with LFT perms only
First: The page title is Inbox
SUCCESS:Mail successfully sent !
Navigating to base URL
The count for tbody is 1
The count for tr is 26
The count for td is 5
i was here!

i was here!

i was here!

i was here!

i was here!

The count for td is 5
i was here!

i was here!
sneha.qa.24@gmail.com
i was here!
TC--165
i was here!
0 - 0 bytes
i was here!
11:57am today
The count for td is 5
i was here!

i was here!
sneha.qa.24@gmail.com
i was here!
Re: TC--159
i was here!
0 - 0 bytes
i was here!
11:56am today
The count for td is 5
i was here!

i was here!
snehamtd002@yahoo.com
i was here!
Re: TC--158
i was here!
0 - 0 bytes
i was here!
11:55am today
The count for td is 5
i was here!

i was here!
sneha.qa.24@gmail.com
i was here!
TC--157
i was here!
0 - 0 bytes
i was here!
11:53am today
The count for td is 5
i was here!

i was here!
sneha.qa.24@gmail.com
i was here!
Re: TC--198
i was here!
1 - 47.2 MB
i was here!
11:51am today
The count for td is 5
i was here!

i was here!
snehamtd002@yahoo.com
i was here!
Re: TC--197
i was here!
1 - 47.2 MB
i was here!
11:50am today
The count for td is 5
i was here!

i was here!
sneha.qa.24@gmail.com
i was here!
TC--197
i was here!
0 - 0 bytes
i was here!
11:48am today
The count for td is 5
i was here!

i was here!
sneha.qa.24@gmail.com
i was here!
Re: TC--191
i was here!
1 - 267.3 KB
i was here!
11:45am today
The count for td is 5
i was here!

i was here!
snehamtd002@yahoo.com
i was here!
Re: TC--190
i was here!
1 - 267.3 KB
i was here!
11:44am today
The count for td is 5
i was here!

i was here!
sneha.qa.24@gmail.com
i was here!
TC--189
i was here!
0 - 0 bytes
i was here!
11:43am today
The count for td is 5
i was here!

i was here!
sneha.qa.24@gmail.com
i was here!
Re: TC--183
i was here!
0 - 0 bytes
i was here!
11:42am today
The count for td is 5
i was here!

i was here!
snehamtd002@yahoo.com
i was here!
Re: TC--182
i was here!
0 - 0 bytes
i was here!
11:41am today
The count for td is 5
i was here!

i was here!
sneha.qa.24@gmail.com
i was here!
TC--181
i was here!
0 - 0 bytes
i was here!
11:40am today
The count for td is 5
i was here!

i was here!
sneha.qa.24@gmail.com
i was here!
TC--149
i was here!
1 - 47.2 MB
i was here!
11:37am today
The count for td is 5
i was here!

i was here!
sneha.qa.24@gmail.com
i was here!
TC--141
i was here!
1 - 267.3 KB
i was here!
11:35am today
The count for td is 5
i was here!

i was here!
sneha.qa.24@gmail.com
i was here!
Fwd: TC--135
i was here!
0 - 0 bytes
i was here!
11:33am today
The count for td is 5
i was here!

i was here!
snehamtd002@yahoo.com
i was here!
Fwd: TC--134
i was here!
0 - 0 bytes
i was here!
11:32am today
The count for td is 5
i was here!

i was here!
sneha.qa.24@gmail.com
i was here!
TC--133
i was here!
0 - 0 bytes
i was here!
11:31am today
The count for td is 5
i was here!

i was here!
sneha.qa.24@gmail.com
i was here!
TC--127
i was here!
1 - 47.2 MB
i was here!
11:29am today
The count for td is 5
i was here!

i was here!
snehamtd002@yahoo.com
i was here!
TC--126
i was here!
1 - 47.2 MB
i was here!
11:28am today
The count for td is 5
i was here!

i was here!
sneha.qa.24@gmail.com
i was here!
TC--119
i was here!
1 - 267.3 KB
i was here!
11:23am today
The count for td is 5
i was here!

i was here!
snehamtd002@yahoo.com
i was here!
TC--118
i was here!
1 - 267.3 KB
i was here!
11:22am today
The count for td is 5
i was here!

i was here!
sneha.qa.24@gmail.com
i was here!
Re: TC--87
i was here!
0 - 0 bytes
i was here!
10:32am today
The count for td is 5
i was here!

i was here!
snehamtd002@yahoo.com
i was here!
Re: TC--86
i was here!
0 - 0 bytes
i was here!
10:32am today
The count for td is 5
i was here!

i was here!
sneha.qa.24@gmail.com
i was here!
TC--85
i was here!
0 - 0 bytes
i was here!
10:31am today
Testing user with LFT perms only
First: The page title is Inbox
SUCCESS:Mail successfully sent !
Navigating to base URL
The count for tbody is 1
The count for tr is 26
The count for td is 5
i was here!

i was here!

i was here!

i was here!

i was here!

The count for td is 5
i was here!

i was here!
sneha.qa.24@gmail.com
i was here!
TC--165
i was here!
0 - 0 bytes
i was here!
11:57am today
The count for td is 5
i was here!

i was here!
sneha.qa.24@gmail.com
i was here!
Re: TC--159
i was here!
0 - 0 bytes
i was here!
11:56am today
The count for td is 5
i was here!

i was here!
snehamtd002@yahoo.com
i was here!
Re: TC--158
i was here!
0 - 0 bytes
i was here!
11:55am today
The count for td is 5
i was here!

i was here!
sneha.qa.24@gmail.com
i was here!
TC--157
i was here!
0 - 0 bytes
i was here!
11:53am today
The count for td is 5
i was here!

i was here!
sneha.qa.24@gmail.com
i was here!
Re: TC--198
i was here!
1 - 47.2 MB
i was here!
11:51am today
The count for td is 5
i was here!

i was here!
snehamtd002@yahoo.com
i was here!
Re: TC--197
i was here!
1 - 47.2 MB
i was here!
11:50am today
The count for td is 5
i was here!

i was here!
sneha.qa.24@gmail.com
i was here!
TC--197
i was here!
0 - 0 bytes
i was here!
11:48am today
The count for td is 5
i was here!

i was here!
sneha.qa.24@gmail.com
i was here!
Re: TC--191
i was here!
1 - 267.3 KB
i was here!
11:45am today
The count for td is 5
i was here!

i was here!
snehamtd002@yahoo.com
i was here!
Re: TC--190
i was here!
1 - 267.3 KB
i was here!
11:44am today
The count for td is 5
i was here!

i was here!
sneha.qa.24@gmail.com
i was here!
TC--189
i was here!
0 - 0 bytes
i was here!
11:43am today
The count for td is 5
i was here!

i was here!
sneha.qa.24@gmail.com
i was here!
Re: TC--183
i was here!
0 - 0 bytes
i was here!
11:42am today
The count for td is 5
i was here!

i was here!
snehamtd002@yahoo.com
i was here!
Re: TC--182
i was here!
0 - 0 bytes
i was here!
11:41am today
The count for td is 5
i was here!

i was here!
sneha.qa.24@gmail.com
i was here!
TC--181
i was here!
0 - 0 bytes
i was here!
11:40am today
The count for td is 5
i was here!

i was here!
sneha.qa.24@gmail.com
i was here!
TC--149
i was here!
1 - 47.2 MB
i was here!
11:37am today
The count for td is 5
i was here!

i was here!
sneha.qa.24@gmail.com
i was here!
TC--141
i was here!
1 - 267.3 KB
i was here!
11:35am today
The count for td is 5
i was here!

i was here!
sneha.qa.24@gmail.com
i was here!
Fwd: TC--135
i was here!
0 - 0 bytes
i was here!
11:33am today
The count for td is 5
i was here!

i was here!
snehamtd002@yahoo.com
i was here!
Fwd: TC--134
i was here!
0 - 0 bytes
i was here!
11:32am today
The count for td is 5
i was here!

i was here!
sneha.qa.24@gmail.com
i was here!
TC--133
i was here!
0 - 0 bytes
i was here!
11:31am today
The count for td is 5
i was here!

i was here!
sneha.qa.24@gmail.com
i was here!
TC--127
i was here!
1 - 47.2 MB
i was here!
11:29am today
The count for td is 5
i was here!

i was here!
snehamtd002@yahoo.com
i was here!
TC--126
i was here!
1 - 47.2 MB
i was here!
11:28am today
The count for td is 5
i was here!

i was here!
sneha.qa.24@gmail.com
i was here!
TC--119
i was here!
1 - 267.3 KB
i was here!
11:23am today
The count for td is 5
i was here!

i was here!
snehamtd002@yahoo.com
i was here!
TC--118
i was here!
1 - 267.3 KB
i was here!
11:22am today
The count for td is 5
i was here!

i was here!
sneha.qa.24@gmail.com
i was here!
Re: TC--87
i was here!
0 - 0 bytes
i was here!
10:32am today
The count for td is 5
i was here!

i was here!
snehamtd002@yahoo.com
i was here!
Re: TC--86
i was here!
0 - 0 bytes
i was here!
10:32am today
The count for td is 5
i was here!

i was here!
sneha.qa.24@gmail.com
i was here!
TC--85
i was here!
0 - 0 bytes
i was here!
10:31am today
Testing user with LFT perms only
First: The page title is Inbox
SUCCESS:Mail successfully sent !
Navigating to base URL
The count for tbody is 1
The count for tr is 26
The count for td is 5
i was here!

i was here!

i was here!

i was here!

i was here!

The count for td is 5
i was here!

i was here!
sneha.qa.24@gmail.com
i was here!
TC--173
muunni.24@gmail.com
This email is considered a secure email.  Since you do not have a secure email license, your recipients are required to.  
PASS for muunni.24@gmail.com
Removed user muunni.24@gmail.com from recipient list
snehamtd002@yahoo.com
PASS for snehamtd002@yahoo.com
sneha.qa.24@gmail.com
PASS for sneha.qa.24@gmail.com
snehamtd001@gmail.com
This email is considered a secure email.  Since you do not have a secure email license, your recipients are required to.  
PASS for snehamtd001@gmail.com
Removed user snehamtd001@gmail.com from recipient list
The count for tbody is 1
The count for tr is 2
The count for td is 5
i was here!

i was here!

i was here!

i was here!

i was here!

The count for td is 5
i was here!

i was here!
sneha.qa.24@gmail.com; snehamtd002@yahoo.com
i was here!
Re: TC--173
muunni.24@gmail.com
This email is considered a secure email.  Since you do not have a secure email license, your recipients are required to.  
PASS for muunni.24@gmail.com
Removed user muunni.24@gmail.com from recipient list
snehamtd002@yahoo.com
PASS for snehamtd002@yahoo.com
sneha.qa.24@gmail.com
PASS for sneha.qa.24@gmail.com
snehamtd001@gmail.com
This email is considered a secure email.  Since you do not have a secure email license, your recipients are required to.  
PASS for snehamtd001@gmail.com
Removed user snehamtd001@gmail.com from recipient list
PASS:Mail successfully sent.
Testing user with SECURE perms only
First: The page title is Inbox
SUCCESS:Mail successfully sent !
Navigating to base URL
The count for tbody is 1
The count for tr is 26
The count for td is 5
i was here!

i was here!

i was here!

i was here!

i was here!

The count for td is 5
i was here!

i was here!
sneha.qa.24@gmail.com
i was here!
TC--174
muunni.24@gmail.com
This email is considered a file transfer.  Since you do not have a file transfer license, your recipients are required to.  
PASS for muunni.24@gmail.com
Removed user muunni.24@gmail.com from recipient list
snehamtd002@yahoo.com
This email is considered a file transfer.  Since you do not have a file transfer license, your recipients are required to.  
PASS for snehamtd002@yahoo.com
Removed user snehamtd002@yahoo.com from recipient list
sneha.qa.24@gmail.com
PASS for sneha.qa.24@gmail.com
snehamtd001@gmail.com
PASS for snehamtd001@gmail.com
The count for tbody is 1
The count for tr is 2
The count for td is 5
i was here!

i was here!

i was here!

i was here!

i was here!

The count for td is 5
i was here!

i was here!
sneha.qa.24@gmail.com; snehamtd001@gmail.com
i was here!
Re: TC--174
muunni.24@gmail.com
This email is considered a file transfer.  Since you do not have a file transfer license, your recipients are required to.  
PASS for muunni.24@gmail.com
Removed user muunni.24@gmail.com from recipient list
snehamtd002@yahoo.com
This email is considered a file transfer.  Since you do not have a file transfer license, your recipients are required to.  
PASS for snehamtd002@yahoo.com
Removed user snehamtd002@yahoo.com from recipient list
sneha.qa.24@gmail.com
PASS for sneha.qa.24@gmail.com
snehamtd001@gmail.com
PASS for snehamtd001@gmail.com
PASS:Mail successfully sent.
Testing user with ALL perms
First: The page title is Inbox
SUCCESS:Mail successfully sent !
Navigating to base URL
The count for tbody is 1
The count for tr is 26
The count for td is 5
i was here!

i was here!

i was here!

i was here!

i was here!

The count for td is 5
i was here!

i was here!
sneha.qa.24@gmail.com
i was here!
TC--175
muunni.24@gmail.com
PASS for muunni.24@gmail.com
snehamtd002@yahoo.com
PASS for snehamtd002@yahoo.com
sneha.qa.24@gmail.com
PASS for sneha.qa.24@gmail.com
snehamtd001@gmail.com
PASS for snehamtd001@gmail.com
The count for tbody is 1
The count for tr is 9
The count for td is 5
i was here!

i was here!

i was here!

i was here!

i was here!

The count for td is 5
i was here!

i was here!
sneha.qa.24@gmail.com; muunni.24@gmail.com; snehamtd001@gmail.com; snehamtd002@yahoo.com
i was here!
Re: TC--175
muunni.24@gmail.com
PASS for muunni.24@gmail.com
snehamtd002@yahoo.com
PASS for snehamtd002@yahoo.com
sneha.qa.24@gmail.com
PASS for sneha.qa.24@gmail.com
snehamtd001@gmail.com
PASS for snehamtd001@gmail.com
PASS:Mail successfully sent.
Testing user with NO perms
First: The page title is Inbox
SUCCESS:Mail successfully sent !
Navigating to base URL
The count for tbody is 1
The count for tr is 26
The count for td is 5
i was here!

i was here!

i was here!

i was here!

i was here!

The count for td is 5
i was here!

i was here!
sneha.qa.24@gmail.com
i was here!
TC--175
muunni.24@gmail.com
This email is considered a secure email.  Since you do not have a secure email license, your recipients are required to.  This email is considered a file transfer.  Since you do not have a file transfer license, your recipients are required to.  
This email is considered a secure email.  Since you do not have a secure email license, your recipients are required to.  This email is considered a file transfer.  Since you do not have a file transfer license, your recipients are required to.  
PASS for muunni.24@gmail.com
Removed user muunni.24@gmail.com from recipient list
snehamtd002@yahoo.com
This email is considered a file transfer.  Since you do not have a file transfer license, your recipients are required to.  
PASS for snehamtd002@yahoo.com
Removed user snehamtd002@yahoo.com from recipient list
sneha.qa.24@gmail.com
PASS for sneha.qa.24@gmail.com
snehamtd001@gmail.com
This email is considered a secure email.  Since you do not have a secure email license, your recipients are required to.  
PASS for snehamtd001@gmail.com
Removed user snehamtd001@gmail.com from recipient list
The count for tbody is 1
The count for tr is 2
The count for td is 5
i was here!

i was here!

i was here!

i was here!

i was here!

The count for td is 5
i was here!

i was here!
sneha.qa.24@gmail.com
i was here!
Re: TC--175
muunni.24@gmail.com
This email is considered a secure email.  Since you do not have a secure email license, your recipients are required to.  This email is considered a file transfer.  Since you do not have a file transfer license, your recipients are required to.  
This email is considered a secure email.  Since you do not have a secure email license, your recipients are required to.  This email is considered a file transfer.  Since you do not have a file transfer license, your recipients are required to.  
PASS for muunni.24@gmail.com
Removed user muunni.24@gmail.com from recipient list
snehamtd002@yahoo.com
This email is considered a file transfer.  Since you do not have a file transfer license, your recipients are required to.  
PASS for snehamtd002@yahoo.com
Removed user snehamtd002@yahoo.com from recipient list
sneha.qa.24@gmail.com
PASS for sneha.qa.24@gmail.com
snehamtd001@gmail.com
This email is considered a secure email.  Since you do not have a secure email license, your recipients are required to.  
PASS for snehamtd001@gmail.com
Removed user snehamtd001@gmail.com from recipient list
PASS:Mail successfully sent.
]]></system-out>

      <system-err><![CDATA[Dec 20, 2011 11:58:22 AM org.apache.http.impl.client.DefaultRequestDirector tryConnect
INFO: I/O exception (java.net.SocketException) caught when connecting to the target host: Permission denied: connect
Dec 20, 2011 11:58:22 AM org.apache.http.impl.client.DefaultRequestDirector tryConnect
INFO: Retrying connect
Dec 20, 2011 11:58:22 AM org.apache.http.impl.client.DefaultRequestDirector tryConnect
INFO: I/O exception (java.net.SocketException) caught when connecting to the target host: Permission denied: connect
Dec 20, 2011 11:58:22 AM org.apache.http.impl.client.DefaultRequestDirector tryConnect
INFO: Retrying connect
Dec 20, 2011 11:58:22 AM org.apache.http.impl.client.DefaultRequestDirector tryConnect
INFO: I/O exception (java.net.SocketException) caught when connecting to the target host: Permission denied: connect
Dec 20, 2011 11:58:22 AM org.apache.http.impl.client.DefaultRequestDirector tryConnect
INFO: Retrying connect
Dec 20, 2011 11:58:22 AM org.apache.http.impl.client.DefaultRequestDirector tryConnect
INFO: I/O exception (java.net.SocketException) caught when connecting to the target host: Permission denied: connect
Dec 20, 2011 11:58:22 AM org.apache.http.impl.client.DefaultRequestDirector tryConnect
INFO: Retrying connect
Dec 20, 2011 11:58:22 AM org.apache.http.impl.client.DefaultRequestDirector tryConnect
INFO: I/O exception (java.net.SocketException) caught when connecting to the target host: Permission denied: connect
Dec 20, 2011 11:58:22 AM org.apache.http.impl.client.DefaultRequestDirector tryConnect
INFO: Retrying connect
Dec 20, 2011 11:58:22 AM org.apache.http.impl.client.DefaultRequestDirector tryConnect
INFO: I/O exception (java.net.SocketException) caught when connecting to the target host: Permission denied: connect
Dec 20, 2011 11:58:22 AM org.apache.http.impl.client.DefaultRequestDirector tryConnect
INFO: Retrying connect
]]></system-err>

  </testsuite>
</testsuites>
