<?xml version="1.0" encoding="UTF-8" ?>
<testsuite errors="0" failures="0" hostname="Sneha-PC" name="sanity_ff.OutBoxTest" tests="1" time="79.864" timestamp="2012-02-16T18:23:31">
  <properties>
[...]
</properties>
  <testcase classname="sanity_ff.OutBoxTest" name="InitialSanityMain" time="79.526" />
  <system-out><![CDATA[First: The page title is Inbox
SUCCESS:Mail successfully sent !
The count for tbody is 1
The count for tr is 2
The count for td is 4
i was here!

i was here!

i was here!

i was here!

The count for td is 4
i was here!

i was here!
sneha.qa.24
i was here!
outbox fail case
PASS
Navigating to base URL
]]></system-out>
  <system-err><![CDATA[]]></system-err>
</testsuite>
