<?xml version="1.0" encoding="UTF-8" ?>
<testsuite errors="3" failures="0" hostname="Sneha-PC" name="sanity_ff.PermsOnReplyToAll_DraftsPage" tests="6" time="834.27" timestamp="2011-12-20T17:38:32">
  <properties>
[...]
</properties>
  <testcase classname="sanity_ff.PermsOnReplyToAll_DraftsPage" name="NonSecureGreaterThan25mb" time="76.27">
    <error message="Unable to locate element: {&quot;method&quot;:&quot;id&quot;,&quot;selector&quot;:&quot;reply-all&quot;}; duration or timeout: 30.09 seconds&#xa;For documentation on this error, please visit: http://seleniumhq.org/exceptions/no_such_element.html&#xa;Build info: version: &apos;2.14.0&apos;, revision: &apos;14955&apos;, time: &apos;2011-11-29 11:43:45&apos;&#xa;System info: os.name: &apos;Windows 7&apos;, os.arch: &apos;amd64&apos;, os.version: &apos;6.1&apos;, java.version: &apos;1.7.0&apos;&#xa;Driver info: driver.version: RemoteWebDriver" type="org.openqa.selenium.NoSuchElementException">org.openqa.selenium.NoSuchElementException: Unable to locate element: {&quot;method&quot;:&quot;id&quot;,&quot;selector&quot;:&quot;reply-all&quot;}; duration or timeout: 30.09 seconds
For documentation on this error, please visit: http://seleniumhq.org/exceptions/no_such_element.html
Build info: version: &apos;2.14.0&apos;, revision: &apos;14955&apos;, time: &apos;2011-11-29 11:43:45&apos;
System info: os.name: &apos;Windows 7&apos;, os.arch: &apos;amd64&apos;, os.version: &apos;6.1&apos;, java.version: &apos;1.7.0&apos;
Driver info: driver.version: RemoteWebDriver
	at java.lang.reflect.Constructor.newInstance(Constructor.java:525)
	at org.openqa.selenium.remote.ErrorHandler.createThrowable(ErrorHandler.java:147)
	at org.openqa.selenium.remote.ErrorHandler.throwIfResponseFailed(ErrorHandler.java:113)
	at org.openqa.selenium.remote.RemoteWebDriver.execute(RemoteWebDriver.java:400)
	at org.openqa.selenium.remote.RemoteWebDriver.findElement(RemoteWebDriver.java:202)
	at org.openqa.selenium.remote.RemoteWebDriver.findElementById(RemoteWebDriver.java:219)
	at org.openqa.selenium.By$ById.findElement(By.java:216)
	at org.openqa.selenium.remote.RemoteWebDriver.findElement(RemoteWebDriver.java:194)
	at sanity_ff.PermsOnReplyToAll_DraftsPage.NonSecureGreaterThan25mb(PermsOnReplyToAll_DraftsPage.java:616)
Caused by: org.openqa.selenium.remote.ErrorHandler$UnknownServerException: Unable to locate element: {&quot;method&quot;:&quot;id&quot;,&quot;selector&quot;:&quot;reply-all&quot;}
Build info: version: &apos;2.14.0&apos;, revision: &apos;14955&apos;, time: &apos;2011-11-29 11:43:45&apos;
System info: os.name: &apos;Windows 7&apos;, os.arch: &apos;amd64&apos;, os.version: &apos;6.1&apos;, java.version: &apos;1.7.0&apos;
Driver info: driver.version: unknown
	at &lt;anonymous class&gt;.&lt;anonymous method&gt;(file:///C:/Users/Sneha/AppData/Local/Temp/anonymous3259033869863243313webdriver-profile/extensions/fxdriver@googlecode.com/components/driver-component.js -&gt; file:///C:/Users/Sneha/AppData/Local/Temp/anonymous3259033869863243313webdriver-profile/extensions/fxdriver@googlecode.com/components/firefoxDriver.js:389)
	at &lt;anonymous class&gt;.&lt;anonymous method&gt;(resource://fxdriver/modules/utils.js:9466)
</error>
  </testcase>
  <testcase classname="sanity_ff.PermsOnReplyToAll_DraftsPage" name="SecureNoattachs" time="184.535" />
  <testcase classname="sanity_ff.PermsOnReplyToAll_DraftsPage" name="SecureLesserThan25mb" time="218.839" />
  <testcase classname="sanity_ff.PermsOnReplyToAll_DraftsPage" name="NonSecureNoattachs" time="63.494">
    <error message="Unable to locate element: {&quot;method&quot;:&quot;id&quot;,&quot;selector&quot;:&quot;reply-all&quot;}; duration or timeout: 30.06 seconds&#xa;For documentation on this error, please visit: http://seleniumhq.org/exceptions/no_such_element.html&#xa;Build info: version: &apos;2.14.0&apos;, revision: &apos;14955&apos;, time: &apos;2011-11-29 11:43:45&apos;&#xa;System info: os.name: &apos;Windows 7&apos;, os.arch: &apos;amd64&apos;, os.version: &apos;6.1&apos;, java.version: &apos;1.7.0&apos;&#xa;Driver info: driver.version: RemoteWebDriver" type="org.openqa.selenium.NoSuchElementException">org.openqa.selenium.NoSuchElementException: Unable to locate element: {&quot;method&quot;:&quot;id&quot;,&quot;selector&quot;:&quot;reply-all&quot;}; duration or timeout: 30.06 seconds
For documentation on this error, please visit: http://seleniumhq.org/exceptions/no_such_element.html
Build info: version: &apos;2.14.0&apos;, revision: &apos;14955&apos;, time: &apos;2011-11-29 11:43:45&apos;
System info: os.name: &apos;Windows 7&apos;, os.arch: &apos;amd64&apos;, os.version: &apos;6.1&apos;, java.version: &apos;1.7.0&apos;
Driver info: driver.version: RemoteWebDriver
	at java.lang.reflect.Constructor.newInstance(Constructor.java:525)
	at org.openqa.selenium.remote.ErrorHandler.createThrowable(ErrorHandler.java:147)
	at org.openqa.selenium.remote.ErrorHandler.throwIfResponseFailed(ErrorHandler.java:113)
	at org.openqa.selenium.remote.RemoteWebDriver.execute(RemoteWebDriver.java:400)
	at org.openqa.selenium.remote.RemoteWebDriver.findElement(RemoteWebDriver.java:202)
	at org.openqa.selenium.remote.RemoteWebDriver.findElementById(RemoteWebDriver.java:219)
	at org.openqa.selenium.By$ById.findElement(By.java:216)
	at org.openqa.selenium.remote.RemoteWebDriver.findElement(RemoteWebDriver.java:194)
	at sanity_ff.PermsOnReplyToAll_DraftsPage.NonSecureNoattachs(PermsOnReplyToAll_DraftsPage.java:84)
Caused by: org.openqa.selenium.remote.ErrorHandler$UnknownServerException: Unable to locate element: {&quot;method&quot;:&quot;id&quot;,&quot;selector&quot;:&quot;reply-all&quot;}
Build info: version: &apos;2.14.0&apos;, revision: &apos;14955&apos;, time: &apos;2011-11-29 11:43:45&apos;
System info: os.name: &apos;Windows 7&apos;, os.arch: &apos;amd64&apos;, os.version: &apos;6.1&apos;, java.version: &apos;1.7.0&apos;
Driver info: driver.version: unknown
	at &lt;anonymous class&gt;.&lt;anonymous method&gt;(file:///C:/Users/Sneha/AppData/Local/Temp/anonymous4729388760273823456webdriver-profile/extensions/fxdriver@googlecode.com/components/driver-component.js -&gt; file:///C:/Users/Sneha/AppData/Local/Temp/anonymous4729388760273823456webdriver-profile/extensions/fxdriver@googlecode.com/components/firefoxDriver.js:389)
	at &lt;anonymous class&gt;.&lt;anonymous method&gt;(resource://fxdriver/modules/utils.js:9466)
</error>
  </testcase>
  <testcase classname="sanity_ff.PermsOnReplyToAll_DraftsPage" name="NonSecureLesserThan25mb" time="64.15">
    <error message="Unable to locate element: {&quot;method&quot;:&quot;id&quot;,&quot;selector&quot;:&quot;reply-all&quot;}; duration or timeout: 30.08 seconds&#xa;For documentation on this error, please visit: http://seleniumhq.org/exceptions/no_such_element.html&#xa;Build info: version: &apos;2.14.0&apos;, revision: &apos;14955&apos;, time: &apos;2011-11-29 11:43:45&apos;&#xa;System info: os.name: &apos;Windows 7&apos;, os.arch: &apos;amd64&apos;, os.version: &apos;6.1&apos;, java.version: &apos;1.7.0&apos;&#xa;Driver info: driver.version: RemoteWebDriver" type="org.openqa.selenium.NoSuchElementException">org.openqa.selenium.NoSuchElementException: Unable to locate element: {&quot;method&quot;:&quot;id&quot;,&quot;selector&quot;:&quot;reply-all&quot;}; duration or timeout: 30.08 seconds
For documentation on this error, please visit: http://seleniumhq.org/exceptions/no_such_element.html
Build info: version: &apos;2.14.0&apos;, revision: &apos;14955&apos;, time: &apos;2011-11-29 11:43:45&apos;
System info: os.name: &apos;Windows 7&apos;, os.arch: &apos;amd64&apos;, os.version: &apos;6.1&apos;, java.version: &apos;1.7.0&apos;
Driver info: driver.version: RemoteWebDriver
	at java.lang.reflect.Constructor.newInstance(Constructor.java:525)
	at org.openqa.selenium.remote.ErrorHandler.createThrowable(ErrorHandler.java:147)
	at org.openqa.selenium.remote.ErrorHandler.throwIfResponseFailed(ErrorHandler.java:113)
	at org.openqa.selenium.remote.RemoteWebDriver.execute(RemoteWebDriver.java:400)
	at org.openqa.selenium.remote.RemoteWebDriver.findElement(RemoteWebDriver.java:202)
	at org.openqa.selenium.remote.RemoteWebDriver.findElementById(RemoteWebDriver.java:219)
	at org.openqa.selenium.By$ById.findElement(By.java:216)
	at org.openqa.selenium.remote.RemoteWebDriver.findElement(RemoteWebDriver.java:194)
	at sanity_ff.PermsOnReplyToAll_DraftsPage.NonSecureLesserThan25mb(PermsOnReplyToAll_DraftsPage.java:1238)
Caused by: org.openqa.selenium.remote.ErrorHandler$UnknownServerException: Unable to locate element: {&quot;method&quot;:&quot;id&quot;,&quot;selector&quot;:&quot;reply-all&quot;}
Build info: version: &apos;2.14.0&apos;, revision: &apos;14955&apos;, time: &apos;2011-11-29 11:43:45&apos;
System info: os.name: &apos;Windows 7&apos;, os.arch: &apos;amd64&apos;, os.version: &apos;6.1&apos;, java.version: &apos;1.7.0&apos;
Driver info: driver.version: unknown
	at &lt;anonymous class&gt;.&lt;anonymous method&gt;(file:///C:/Users/Sneha/AppData/Local/Temp/anonymous2428686984248482125webdriver-profile/extensions/fxdriver@googlecode.com/components/driver-component.js -&gt; file:///C:/Users/Sneha/AppData/Local/Temp/anonymous2428686984248482125webdriver-profile/extensions/fxdriver@googlecode.com/components/firefoxDriver.js:389)
	at &lt;anonymous class&gt;.&lt;anonymous method&gt;(resource://fxdriver/modules/utils.js:9466)
</error>
  </testcase>
  <testcase classname="sanity_ff.PermsOnReplyToAll_DraftsPage" name="SecureGreaterThan25mb" time="226.81" />
  <system-out><![CDATA[Testing user with LFT perms only
First: The page title is Inbox
SUCCESS:Mail successfully sent !
Navigating to base URL
The count for tbody is 1
The count for tr is 26
The count for td is 5
i was here!

i was here!

i was here!

i was here!

i was here!

The count for td is 5
i was here!

i was here!
sneha.qa.24@gmail.com
i was here!
TC--149
i was here!
1 - 47.2 MB
i was here!
11:37am today
The count for td is 5
i was here!

i was here!
sneha.qa.24@gmail.com
i was here!
TC--141
i was here!
1 - 267.3 KB
i was here!
11:35am today
The count for td is 5
i was here!

i was here!
sneha.qa.24@gmail.com
i was here!
Fwd: TC--135
i was here!
0 - 0 bytes
i was here!
11:33am today
The count for td is 5
i was here!

i was here!
snehamtd002@yahoo.com
i was here!
Fwd: TC--134
i was here!
0 - 0 bytes
i was here!
11:32am today
The count for td is 5
i was here!

i was here!
sneha.qa.24@gmail.com
i was here!
TC--133
i was here!
0 - 0 bytes
i was here!
11:31am today
The count for td is 5
i was here!

i was here!
sneha.qa.24@gmail.com
i was here!
TC--127
i was here!
1 - 47.2 MB
i was here!
11:29am today
The count for td is 5
i was here!

i was here!
snehamtd002@yahoo.com
i was here!
TC--126
i was here!
1 - 47.2 MB
i was here!
11:28am today
The count for td is 5
i was here!

i was here!
sneha.qa.24@gmail.com
i was here!
TC--119
i was here!
1 - 267.3 KB
i was here!
11:23am today
The count for td is 5
i was here!

i was here!
snehamtd002@yahoo.com
i was here!
TC--118
i was here!
1 - 267.3 KB
i was here!
11:22am today
The count for td is 5
i was here!

i was here!
sneha.qa.24@gmail.com
i was here!
Re: TC--87
i was here!
0 - 0 bytes
i was here!
10:32am today
The count for td is 5
i was here!

i was here!
snehamtd002@yahoo.com
i was here!
Re: TC--86
i was here!
0 - 0 bytes
i was here!
10:32am today
The count for td is 5
i was here!

i was here!
sneha.qa.24@gmail.com
i was here!
TC--85
i was here!
0 - 0 bytes
i was here!
10:31am today
The count for td is 5
i was here!

i was here!
sneha.qa.24@gmail.com
i was here!
Re: TC--79
i was here!
1 - 47.2 MB
i was here!
10:30am today
The count for td is 5
i was here!

i was here!
snehamtd002@yahoo.com
i was here!
Re: TC--78
i was here!
1 - 47.2 MB
i was here!
10:29am today
The count for td is 5
i was here!

i was here!
sneha.qa.24@gmail.com
i was here!
TC--77
i was here!
0 - 0 bytes
i was here!
10:28am today
The count for td is 5
i was here!

i was here!
sneha.qa.24@gmail.com
i was here!
Re: TC--71
i was here!
1 - 267.3 KB
i was here!
10:26am today
The count for td is 5
i was here!

i was here!
snehamtd002@yahoo.com
i was here!
Re: TC--70
i was here!
1 - 267.3 KB
i was here!
10:26am today
The count for td is 5
i was here!

i was here!
sneha.qa.24@gmail.com
i was here!
TC--69
i was here!
0 - 0 bytes
i was here!
10:24am today
The count for td is 5
i was here!

i was here!
sneha.qa.24@gmail.com
i was here!
Re: TC--63
i was here!
0 - 0 bytes
i was here!
10:23am today
The count for td is 5
i was here!

i was here!
snehamtd002@yahoo.com
i was here!
Re: TC--62
i was here!
0 - 0 bytes
i was here!
10:22am today
The count for td is 5
i was here!

i was here!
sneha.qa.24@gmail.com
i was here!
TC--61
i was here!
0 - 0 bytes
i was here!
10:21am today
The count for td is 5
i was here!

i was here!
sneha.qa.24@gmail.com
i was here!
TC--53
i was here!
1 - 47.2 MB
i was here!
10:19am today
The count for td is 5
i was here!

i was here!
sneha.qa.24@gmail.com
i was here!
TC--45
i was here!
1 - 267.3 KB
i was here!
10:17am today
The count for td is 5
i was here!

i was here!
sneha.qa.24@gmail.com
i was here!
Fwd: TC--39
i was here!
0 - 0 bytes
i was here!
10:15am today
The count for td is 5
i was here!

i was here!
snehamtd002@yahoo.com
i was here!
Fwd: TC--38
i was here!
0 - 0 bytes
i was here!
10:14am today
Testing user with LFT perms only
First: The page title is Inbox
SUCCESS:Mail successfully sent !
Navigating to base URL
The count for tbody is 1
The count for tr is 26
The count for td is 5
i was here!

i was here!

i was here!

i was here!

i was here!

The count for td is 5
i was here!

i was here!
sneha.qa.24@gmail.com
i was here!
TC--181
muunni.24@gmail.com
This email is considered a secure email.  Since you do not have a secure email license, your recipients are required to.  
PASS for muunni.24@gmail.com
Removed user muunni.24@gmail.com from recipient list
snehamtd002@yahoo.com
PASS for snehamtd002@yahoo.com
sneha.qa.24@gmail.com
PASS for sneha.qa.24@gmail.com
snehamtd001@gmail.com
This email is considered a secure email.  Since you do not have a secure email license, your recipients are required to.  
PASS for snehamtd001@gmail.com
Removed user snehamtd001@gmail.com from recipient list
The count for tbody is 1
The count for tr is 2
The count for td is 5
i was here!

i was here!

i was here!

i was here!

i was here!

The count for td is 5
i was here!

i was here!
sneha.qa.24@gmail.com; snehamtd002@yahoo.com
i was here!
Re: TC--181
muunni.24@gmail.com
This email is considered a secure email.  Since you do not have a secure email license, your recipients are required to.  
PASS for muunni.24@gmail.com
Removed user muunni.24@gmail.com from recipient list
snehamtd002@yahoo.com
PASS for snehamtd002@yahoo.com
sneha.qa.24@gmail.com
PASS for sneha.qa.24@gmail.com
snehamtd001@gmail.com
This email is considered a secure email.  Since you do not have a secure email license, your recipients are required to.  
PASS for snehamtd001@gmail.com
Removed user snehamtd001@gmail.com from recipient list
PASS:Mail successfully sent.
Testing user with SECURE perms only
First: The page title is Inbox
SUCCESS:Mail successfully sent !
Navigating to base URL
The count for tbody is 1
The count for tr is 26
The count for td is 5
i was here!

i was here!

i was here!

i was here!

i was here!

The count for td is 5
i was here!

i was here!
sneha.qa.24@gmail.com
i was here!
TC--182
muunni.24@gmail.com
PASS for muunni.24@gmail.com
snehamtd002@yahoo.com
PASS for snehamtd002@yahoo.com
sneha.qa.24@gmail.com
PASS for sneha.qa.24@gmail.com
snehamtd001@gmail.com
PASS for snehamtd001@gmail.com
The count for tbody is 1
The count for tr is 2
The count for td is 5
i was here!

i was here!

i was here!

i was here!

i was here!

The count for td is 5
i was here!

i was here!
sneha.qa.24@gmail.com; muunni.24@gmail.com; snehamtd001@gmail.com; snehamtd002@yahoo.com
i was here!
Re: TC--182
muunni.24@gmail.com
PASS for muunni.24@gmail.com
snehamtd002@yahoo.com
PASS for snehamtd002@yahoo.com
sneha.qa.24@gmail.com
PASS for sneha.qa.24@gmail.com
snehamtd001@gmail.com
PASS for snehamtd001@gmail.com
PASS:Mail successfully sent.
Testing user with ALL perms
First: The page title is Inbox
SUCCESS:Mail successfully sent !
Navigating to base URL
The count for tbody is 1
The count for tr is 26
The count for td is 5
i was here!

i was here!

i was here!

i was here!

i was here!

The count for td is 5
i was here!

i was here!
sneha.qa.24@gmail.com
i was here!
TC--183
muunni.24@gmail.com
PASS for muunni.24@gmail.com
snehamtd002@yahoo.com
PASS for snehamtd002@yahoo.com
sneha.qa.24@gmail.com
PASS for sneha.qa.24@gmail.com
snehamtd001@gmail.com
PASS for snehamtd001@gmail.com
The count for tbody is 1
The count for tr is 9
The count for td is 5
i was here!

i was here!

i was here!

i was here!

i was here!

The count for td is 5
i was here!

i was here!
sneha.qa.24@gmail.com; muunni.24@gmail.com; snehamtd001@gmail.com; snehamtd002@yahoo.com
i was here!
Re: TC--183
muunni.24@gmail.com
PASS for muunni.24@gmail.com
snehamtd002@yahoo.com
PASS for snehamtd002@yahoo.com
sneha.qa.24@gmail.com
PASS for sneha.qa.24@gmail.com
snehamtd001@gmail.com
PASS for snehamtd001@gmail.com
PASS:Mail successfully sent.
Testing user with NO perms
First: The page title is Inbox
SUCCESS:Mail successfully sent !
Navigating to base URL
The count for tbody is 1
The count for tr is 26
The count for td is 5
i was here!

i was here!

i was here!

i was here!

i was here!

The count for td is 5
i was here!

i was here!
sneha.qa.24@gmail.com
i was here!
TC--184
muunni.24@gmail.com
This email is considered a secure email.  Since you do not have a secure email license, your recipients are required to.  
PASS for muunni.24@gmail.com
Removed user muunni.24@gmail.com from recipient list
snehamtd002@yahoo.com
PASS for snehamtd002@yahoo.com
sneha.qa.24@gmail.com
PASS for sneha.qa.24@gmail.com
snehamtd001@gmail.com
This email is considered a secure email.  Since you do not have a secure email license, your recipients are required to.  
PASS for snehamtd001@gmail.com
Removed user snehamtd001@gmail.com from recipient list
The count for tbody is 1
The count for tr is 2
The count for td is 5
i was here!

i was here!

i was here!

i was here!

i was here!

The count for td is 5
i was here!

i was here!
sneha.qa.24@gmail.com; snehamtd002@yahoo.com
i was here!
Re: TC--184
muunni.24@gmail.com
This email is considered a secure email.  Since you do not have a secure email license, your recipients are required to.  
PASS for muunni.24@gmail.com
Removed user muunni.24@gmail.com from recipient list
snehamtd002@yahoo.com
PASS for snehamtd002@yahoo.com
sneha.qa.24@gmail.com
PASS for sneha.qa.24@gmail.com
snehamtd001@gmail.com
This email is considered a secure email.  Since you do not have a secure email license, your recipients are required to.  
PASS for snehamtd001@gmail.com
Removed user snehamtd001@gmail.com from recipient list
PASS:Mail successfully sent.
Testing user with LFT perms only
First: The page title is Inbox
SUCCESS:Mail successfully sent !
Navigating to base URL
The count for tbody is 1
The count for tr is 26
The count for td is 5
i was here!

i was here!

i was here!

i was here!

i was here!

The count for td is 5
i was here!

i was here!
sneha.qa.24@gmail.com
i was here!
TC--189
muunni.24@gmail.com
This email is considered a secure email.  Since you do not have a secure email license, your recipients are required to.  
PASS for muunni.24@gmail.com
Removed user muunni.24@gmail.com from recipient list
snehamtd002@yahoo.com
PASS for snehamtd002@yahoo.com
sneha.qa.24@gmail.com
PASS for sneha.qa.24@gmail.com
snehamtd001@gmail.com
This email is considered a secure email.  Since you do not have a secure email license, your recipients are required to.  
PASS for snehamtd001@gmail.com
Removed user snehamtd001@gmail.com from recipient list
The count for tbody is 1
The count for tr is 2
The count for td is 5
i was here!

i was here!

i was here!

i was here!

i was here!

The count for td is 5
i was here!

i was here!
sneha.qa.24@gmail.com; snehamtd002@yahoo.com
i was here!
Re: TC--189
muunni.24@gmail.com
This email is considered a secure email.  Since you do not have a secure email license, your recipients are required to.  
PASS for muunni.24@gmail.com
Removed user muunni.24@gmail.com from recipient list
snehamtd002@yahoo.com
PASS for snehamtd002@yahoo.com
sneha.qa.24@gmail.com
PASS for sneha.qa.24@gmail.com
snehamtd001@gmail.com
This email is considered a secure email.  Since you do not have a secure email license, your recipients are required to.  
PASS for snehamtd001@gmail.com
Removed user snehamtd001@gmail.com from recipient list
PASS:Mail successfully sent.
Testing user with SECURE perms only
First: The page title is Inbox
SUCCESS:Mail successfully sent !
Navigating to base URL
The count for tbody is 1
The count for tr is 26
The count for td is 5
i was here!

i was here!

i was here!

i was here!

i was here!

The count for td is 5
i was here!

i was here!
sneha.qa.24@gmail.com
i was here!
TC--190
muunni.24@gmail.com
PASS for muunni.24@gmail.com
snehamtd002@yahoo.com
PASS for snehamtd002@yahoo.com
sneha.qa.24@gmail.com
PASS for sneha.qa.24@gmail.com
snehamtd001@gmail.com
PASS for snehamtd001@gmail.com
The count for tbody is 1
The count for tr is 2
The count for td is 5
i was here!

i was here!

i was here!

i was here!

i was here!

The count for td is 5
i was here!

i was here!
sneha.qa.24@gmail.com; muunni.24@gmail.com; snehamtd001@gmail.com; snehamtd002@yahoo.com
i was here!
Re: TC--190
muunni.24@gmail.com
PASS for muunni.24@gmail.com
snehamtd002@yahoo.com
PASS for snehamtd002@yahoo.com
sneha.qa.24@gmail.com
PASS for sneha.qa.24@gmail.com
snehamtd001@gmail.com
PASS for snehamtd001@gmail.com
PASS:Mail successfully sent.
Testing user with ALL perms
First: The page title is Inbox
SUCCESS:Mail successfully sent !
Navigating to base URL
The count for tbody is 1
The count for tr is 26
The count for td is 5
i was here!

i was here!

i was here!

i was here!

i was here!

The count for td is 5
i was here!

i was here!
sneha.qa.24@gmail.com
i was here!
TC--191
muunni.24@gmail.com
PASS for muunni.24@gmail.com
snehamtd002@yahoo.com
PASS for snehamtd002@yahoo.com
sneha.qa.24@gmail.com
PASS for sneha.qa.24@gmail.com
snehamtd001@gmail.com
PASS for snehamtd001@gmail.com
The count for tbody is 1
The count for tr is 9
The count for td is 5
i was here!

i was here!

i was here!

i was here!

i was here!

The count for td is 5
i was here!

i was here!
sneha.qa.24@gmail.com; muunni.24@gmail.com; snehamtd001@gmail.com; snehamtd002@yahoo.com
i was here!
Re: TC--191
muunni.24@gmail.com
PASS for muunni.24@gmail.com
snehamtd002@yahoo.com
PASS for snehamtd002@yahoo.com
sneha.qa.24@gmail.com
PASS for sneha.qa.24@gmail.com
snehamtd001@gmail.com
PASS for snehamtd001@gmail.com
PASS:Mail successfully sent.
Testing user with NO perms
First: The page title is Inbox
SUCCESS:Mail successfully sent !
Navigating to base URL
The count for tbody is 1
The count for tr is 26
The count for td is 5
i was here!

i was here!

i was here!

i was here!

i was here!

The count for td is 5
i was here!

i was here!
sneha.qa.24@gmail.com
i was here!
TC--192
muunni.24@gmail.com
This email is considered a secure email.  Since you do not have a secure email license, your recipients are required to.  
PASS for muunni.24@gmail.com
Removed user muunni.24@gmail.com from recipient list
snehamtd002@yahoo.com
PASS for snehamtd002@yahoo.com
sneha.qa.24@gmail.com
PASS for sneha.qa.24@gmail.com
snehamtd001@gmail.com
This email is considered a secure email.  Since you do not have a secure email license, your recipients are required to.  
PASS for snehamtd001@gmail.com
Removed user snehamtd001@gmail.com from recipient list
The count for tbody is 1
The count for tr is 2
The count for td is 5
i was here!

i was here!

i was here!

i was here!

i was here!

The count for td is 5
i was here!

i was here!
sneha.qa.24@gmail.com; snehamtd002@yahoo.com
i was here!
Re: TC--192
muunni.24@gmail.com
This email is considered a secure email.  Since you do not have a secure email license, your recipients are required to.  
PASS for muunni.24@gmail.com
Removed user muunni.24@gmail.com from recipient list
snehamtd002@yahoo.com
PASS for snehamtd002@yahoo.com
sneha.qa.24@gmail.com
PASS for sneha.qa.24@gmail.com
snehamtd001@gmail.com
This email is considered a secure email.  Since you do not have a secure email license, your recipients are required to.  
PASS for snehamtd001@gmail.com
Removed user snehamtd001@gmail.com from recipient list
PASS:Mail successfully sent.
Testing user with LFT perms only
First: The page title is Inbox
SUCCESS:Mail successfully sent !
Navigating to base URL
The count for tbody is 1
The count for tr is 26
The count for td is 5
i was here!

i was here!

i was here!

i was here!

i was here!

The count for td is 5
i was here!

i was here!
sneha.qa.24@gmail.com
i was here!
Re: TC--191
i was here!
1 - 267.3 KB
i was here!
11:45am today
The count for td is 5
i was here!

i was here!
snehamtd002@yahoo.com
i was here!
Re: TC--190
i was here!
1 - 267.3 KB
i was here!
11:44am today
The count for td is 5
i was here!

i was here!
sneha.qa.24@gmail.com
i was here!
TC--189
i was here!
0 - 0 bytes
i was here!
11:43am today
The count for td is 5
i was here!

i was here!
sneha.qa.24@gmail.com
i was here!
Re: TC--183
i was here!
0 - 0 bytes
i was here!
11:42am today
The count for td is 5
i was here!

i was here!
snehamtd002@yahoo.com
i was here!
Re: TC--182
i was here!
0 - 0 bytes
i was here!
11:41am today
The count for td is 5
i was here!

i was here!
sneha.qa.24@gmail.com
i was here!
TC--181
i was here!
0 - 0 bytes
i was here!
11:40am today
The count for td is 5
i was here!

i was here!
sneha.qa.24@gmail.com
i was here!
TC--149
i was here!
1 - 47.2 MB
i was here!
11:37am today
The count for td is 5
i was here!

i was here!
sneha.qa.24@gmail.com
i was here!
TC--141
i was here!
1 - 267.3 KB
i was here!
11:35am today
The count for td is 5
i was here!

i was here!
sneha.qa.24@gmail.com
i was here!
Fwd: TC--135
i was here!
0 - 0 bytes
i was here!
11:33am today
The count for td is 5
i was here!

i was here!
snehamtd002@yahoo.com
i was here!
Fwd: TC--134
i was here!
0 - 0 bytes
i was here!
11:32am today
The count for td is 5
i was here!

i was here!
sneha.qa.24@gmail.com
i was here!
TC--133
i was here!
0 - 0 bytes
i was here!
11:31am today
The count for td is 5
i was here!

i was here!
sneha.qa.24@gmail.com
i was here!
TC--127
i was here!
1 - 47.2 MB
i was here!
11:29am today
The count for td is 5
i was here!

i was here!
snehamtd002@yahoo.com
i was here!
TC--126
i was here!
1 - 47.2 MB
i was here!
11:28am today
The count for td is 5
i was here!

i was here!
sneha.qa.24@gmail.com
i was here!
TC--119
i was here!
1 - 267.3 KB
i was here!
11:23am today
The count for td is 5
i was here!

i was here!
snehamtd002@yahoo.com
i was here!
TC--118
i was here!
1 - 267.3 KB
i was here!
11:22am today
The count for td is 5
i was here!

i was here!
sneha.qa.24@gmail.com
i was here!
Re: TC--87
i was here!
0 - 0 bytes
i was here!
10:32am today
The count for td is 5
i was here!

i was here!
snehamtd002@yahoo.com
i was here!
Re: TC--86
i was here!
0 - 0 bytes
i was here!
10:32am today
The count for td is 5
i was here!

i was here!
sneha.qa.24@gmail.com
i was here!
TC--85
i was here!
0 - 0 bytes
i was here!
10:31am today
The count for td is 5
i was here!

i was here!
sneha.qa.24@gmail.com
i was here!
Re: TC--79
i was here!
1 - 47.2 MB
i was here!
10:30am today
The count for td is 5
i was here!

i was here!
snehamtd002@yahoo.com
i was here!
Re: TC--78
i was here!
1 - 47.2 MB
i was here!
10:29am today
The count for td is 5
i was here!

i was here!
sneha.qa.24@gmail.com
i was here!
TC--77
i was here!
0 - 0 bytes
i was here!
10:28am today
The count for td is 5
i was here!

i was here!
sneha.qa.24@gmail.com
i was here!
Re: TC--71
i was here!
1 - 267.3 KB
i was here!
10:26am today
The count for td is 5
i was here!

i was here!
snehamtd002@yahoo.com
i was here!
Re: TC--70
i was here!
1 - 267.3 KB
i was here!
10:26am today
The count for td is 5
i was here!

i was here!
sneha.qa.24@gmail.com
i was here!
TC--69
i was here!
0 - 0 bytes
i was here!
10:24am today
The count for td is 5
i was here!

i was here!
sneha.qa.24@gmail.com
i was here!
Re: TC--63
i was here!
0 - 0 bytes
i was here!
10:23am today
Testing user with LFT perms only
First: The page title is Inbox
SUCCESS:Mail successfully sent !
Navigating to base URL
The count for tbody is 1
The count for tr is 26
The count for td is 5
i was here!

i was here!

i was here!

i was here!

i was here!

The count for td is 5
i was here!

i was here!
sneha.qa.24@gmail.com
i was here!
Re: TC--191
i was here!
1 - 267.3 KB
i was here!
11:45am today
The count for td is 5
i was here!

i was here!
snehamtd002@yahoo.com
i was here!
Re: TC--190
i was here!
1 - 267.3 KB
i was here!
11:44am today
The count for td is 5
i was here!

i was here!
sneha.qa.24@gmail.com
i was here!
TC--189
i was here!
0 - 0 bytes
i was here!
11:43am today
The count for td is 5
i was here!

i was here!
sneha.qa.24@gmail.com
i was here!
Re: TC--183
i was here!
0 - 0 bytes
i was here!
11:42am today
The count for td is 5
i was here!

i was here!
snehamtd002@yahoo.com
i was here!
Re: TC--182
i was here!
0 - 0 bytes
i was here!
11:41am today
The count for td is 5
i was here!

i was here!
sneha.qa.24@gmail.com
i was here!
TC--181
i was here!
0 - 0 bytes
i was here!
11:40am today
The count for td is 5
i was here!

i was here!
sneha.qa.24@gmail.com
i was here!
TC--149
i was here!
1 - 47.2 MB
i was here!
11:37am today
The count for td is 5
i was here!

i was here!
sneha.qa.24@gmail.com
i was here!
TC--141
i was here!
1 - 267.3 KB
i was here!
11:35am today
The count for td is 5
i was here!

i was here!
sneha.qa.24@gmail.com
i was here!
Fwd: TC--135
i was here!
0 - 0 bytes
i was here!
11:33am today
The count for td is 5
i was here!

i was here!
snehamtd002@yahoo.com
i was here!
Fwd: TC--134
i was here!
0 - 0 bytes
i was here!
11:32am today
The count for td is 5
i was here!

i was here!
sneha.qa.24@gmail.com
i was here!
TC--133
i was here!
0 - 0 bytes
i was here!
11:31am today
The count for td is 5
i was here!

i was here!
sneha.qa.24@gmail.com
i was here!
TC--127
i was here!
1 - 47.2 MB
i was here!
11:29am today
The count for td is 5
i was here!

i was here!
snehamtd002@yahoo.com
i was here!
TC--126
i was here!
1 - 47.2 MB
i was here!
11:28am today
The count for td is 5
i was here!

i was here!
sneha.qa.24@gmail.com
i was here!
TC--119
i was here!
1 - 267.3 KB
i was here!
11:23am today
The count for td is 5
i was here!

i was here!
snehamtd002@yahoo.com
i was here!
TC--118
i was here!
1 - 267.3 KB
i was here!
11:22am today
The count for td is 5
i was here!

i was here!
sneha.qa.24@gmail.com
i was here!
Re: TC--87
i was here!
0 - 0 bytes
i was here!
10:32am today
The count for td is 5
i was here!

i was here!
snehamtd002@yahoo.com
i was here!
Re: TC--86
i was here!
0 - 0 bytes
i was here!
10:32am today
The count for td is 5
i was here!

i was here!
sneha.qa.24@gmail.com
i was here!
TC--85
i was here!
0 - 0 bytes
i was here!
10:31am today
The count for td is 5
i was here!

i was here!
sneha.qa.24@gmail.com
i was here!
Re: TC--79
i was here!
1 - 47.2 MB
i was here!
10:30am today
The count for td is 5
i was here!

i was here!
snehamtd002@yahoo.com
i was here!
Re: TC--78
i was here!
1 - 47.2 MB
i was here!
10:29am today
The count for td is 5
i was here!

i was here!
sneha.qa.24@gmail.com
i was here!
TC--77
i was here!
0 - 0 bytes
i was here!
10:28am today
The count for td is 5
i was here!

i was here!
sneha.qa.24@gmail.com
i was here!
Re: TC--71
i was here!
1 - 267.3 KB
i was here!
10:26am today
The count for td is 5
i was here!

i was here!
snehamtd002@yahoo.com
i was here!
Re: TC--70
i was here!
1 - 267.3 KB
i was here!
10:26am today
The count for td is 5
i was here!

i was here!
sneha.qa.24@gmail.com
i was here!
TC--69
i was here!
0 - 0 bytes
i was here!
10:24am today
The count for td is 5
i was here!

i was here!
sneha.qa.24@gmail.com
i was here!
Re: TC--63
i was here!
0 - 0 bytes
i was here!
10:23am today
Testing user with LFT perms only
First: The page title is Inbox
SUCCESS:Mail successfully sent !
Navigating to base URL
The count for tbody is 1
The count for tr is 26
The count for td is 5
i was here!

i was here!

i was here!

i was here!

i was here!

The count for td is 5
i was here!

i was here!
sneha.qa.24@gmail.com
i was here!
TC--197
muunni.24@gmail.com
This email is considered a secure email.  Since you do not have a secure email license, your recipients are required to.  
PASS for muunni.24@gmail.com
Removed user muunni.24@gmail.com from recipient list
snehamtd002@yahoo.com
PASS for snehamtd002@yahoo.com
sneha.qa.24@gmail.com
PASS for sneha.qa.24@gmail.com
snehamtd001@gmail.com
This email is considered a secure email.  Since you do not have a secure email license, your recipients are required to.  
PASS for snehamtd001@gmail.com
Removed user snehamtd001@gmail.com from recipient list
The count for tbody is 1
The count for tr is 2
The count for td is 5
i was here!

i was here!

i was here!

i was here!

i was here!

The count for td is 5
i was here!

i was here!
sneha.qa.24@gmail.com; snehamtd002@yahoo.com
i was here!
Re: TC--197
muunni.24@gmail.com
This email is considered a secure email.  Since you do not have a secure email license, your recipients are required to.  
PASS for muunni.24@gmail.com
Removed user muunni.24@gmail.com from recipient list
snehamtd002@yahoo.com
PASS for snehamtd002@yahoo.com
sneha.qa.24@gmail.com
PASS for sneha.qa.24@gmail.com
snehamtd001@gmail.com
This email is considered a secure email.  Since you do not have a secure email license, your recipients are required to.  
PASS for snehamtd001@gmail.com
Removed user snehamtd001@gmail.com from recipient list
PASS:Mail successfully sent.
Testing user with SECURE perms only
First: The page title is Inbox
SUCCESS:Mail successfully sent !
Navigating to base URL
The count for tbody is 1
The count for tr is 26
The count for td is 5
i was here!

i was here!

i was here!

i was here!

i was here!

The count for td is 5
i was here!

i was here!
sneha.qa.24@gmail.com
i was here!
TC--197
muunni.24@gmail.com
This email is considered a file transfer.  Since you do not have a file transfer license, your recipients are required to.  
PASS for muunni.24@gmail.com
Removed user muunni.24@gmail.com from recipient list
snehamtd002@yahoo.com
This email is considered a file transfer.  Since you do not have a file transfer license, your recipients are required to.  
PASS for snehamtd002@yahoo.com
Removed user snehamtd002@yahoo.com from recipient list
sneha.qa.24@gmail.com
PASS for sneha.qa.24@gmail.com
snehamtd001@gmail.com
PASS for snehamtd001@gmail.com
The count for tbody is 1
The count for tr is 2
The count for td is 5
i was here!

i was here!

i was here!

i was here!

i was here!

The count for td is 5
i was here!

i was here!
sneha.qa.24@gmail.com; snehamtd001@gmail.com
i was here!
Re: TC--197
muunni.24@gmail.com
This email is considered a file transfer.  Since you do not have a file transfer license, your recipients are required to.  
PASS for muunni.24@gmail.com
Removed user muunni.24@gmail.com from recipient list
snehamtd002@yahoo.com
This email is considered a file transfer.  Since you do not have a file transfer license, your recipients are required to.  
PASS for snehamtd002@yahoo.com
Removed user snehamtd002@yahoo.com from recipient list
sneha.qa.24@gmail.com
PASS for sneha.qa.24@gmail.com
snehamtd001@gmail.com
PASS for snehamtd001@gmail.com
PASS:Mail successfully sent.
Testing user with ALL perms
First: The page title is Inbox
SUCCESS:Mail successfully sent !
Navigating to base URL
The count for tbody is 1
The count for tr is 26
The count for td is 5
i was here!

i was here!

i was here!

i was here!

i was here!

The count for td is 5
i was here!

i was here!
sneha.qa.24@gmail.com
i was here!
TC--198
muunni.24@gmail.com
PASS for muunni.24@gmail.com
snehamtd002@yahoo.com
PASS for snehamtd002@yahoo.com
sneha.qa.24@gmail.com
PASS for sneha.qa.24@gmail.com
snehamtd001@gmail.com
PASS for snehamtd001@gmail.com
The count for tbody is 1
The count for tr is 9
The count for td is 5
i was here!

i was here!

i was here!

i was here!

i was here!

The count for td is 5
i was here!

i was here!
sneha.qa.24@gmail.com; muunni.24@gmail.com; snehamtd001@gmail.com; snehamtd002@yahoo.com
i was here!
Re: TC--198
muunni.24@gmail.com
PASS for muunni.24@gmail.com
snehamtd002@yahoo.com
PASS for snehamtd002@yahoo.com
sneha.qa.24@gmail.com
PASS for sneha.qa.24@gmail.com
snehamtd001@gmail.com
PASS for snehamtd001@gmail.com
PASS:Mail successfully sent.
Testing user with NO perms
First: The page title is Inbox
SUCCESS:Mail successfully sent !
Navigating to base URL
The count for tbody is 1
The count for tr is 26
The count for td is 5
i was here!

i was here!

i was here!

i was here!

i was here!

The count for td is 5
i was here!

i was here!
sneha.qa.24@gmail.com
i was here!
TC--199
muunni.24@gmail.com
This email is considered a secure email.  Since you do not have a secure email license, your recipients are required to.  This email is considered a file transfer.  Since you do not have a file transfer license, your recipients are required to.  
This email is considered a secure email.  Since you do not have a secure email license, your recipients are required to.  This email is considered a file transfer.  Since you do not have a file transfer license, your recipients are required to.  
PASS for muunni.24@gmail.com
Removed user muunni.24@gmail.com from recipient list
snehamtd002@yahoo.com
This email is considered a file transfer.  Since you do not have a file transfer license, your recipients are required to.  
PASS for snehamtd002@yahoo.com
Removed user snehamtd002@yahoo.com from recipient list
sneha.qa.24@gmail.com
PASS for sneha.qa.24@gmail.com
snehamtd001@gmail.com
This email is considered a secure email.  Since you do not have a secure email license, your recipients are required to.  
PASS for snehamtd001@gmail.com
Removed user snehamtd001@gmail.com from recipient list
The count for tbody is 1
The count for tr is 2
The count for td is 5
i was here!

i was here!

i was here!

i was here!

i was here!

The count for td is 5
i was here!

i was here!
sneha.qa.24@gmail.com
i was here!
Re: TC--199
muunni.24@gmail.com
This email is considered a secure email.  Since you do not have a secure email license, your recipients are required to.  This email is considered a file transfer.  Since you do not have a file transfer license, your recipients are required to.  
This email is considered a secure email.  Since you do not have a secure email license, your recipients are required to.  This email is considered a file transfer.  Since you do not have a file transfer license, your recipients are required to.  
PASS for muunni.24@gmail.com
Removed user muunni.24@gmail.com from recipient list
snehamtd002@yahoo.com
This email is considered a file transfer.  Since you do not have a file transfer license, your recipients are required to.  
PASS for snehamtd002@yahoo.com
Removed user snehamtd002@yahoo.com from recipient list
sneha.qa.24@gmail.com
PASS for sneha.qa.24@gmail.com
snehamtd001@gmail.com
This email is considered a secure email.  Since you do not have a secure email license, your recipients are required to.  
PASS for snehamtd001@gmail.com
Removed user snehamtd001@gmail.com from recipient list
PASS:Mail successfully sent.
]]></system-out>
  <system-err><![CDATA[]]></system-err>
</testsuite>
