<?xml version="1.0" encoding="UTF-8" ?>
<testsuite errors="1" failures="0" hostname="Sneha-PC" name="sanity_ff.PermsOnComposePage" tests="6" time="509.176" timestamp="2011-12-20T21:05:07">
  <properties>
[...]
</properties>
  <testcase classname="sanity_ff.PermsOnComposePage" name="NonSecureNoattachs" time="100.2" />
  <testcase classname="sanity_ff.PermsOnComposePage" name="SecureNoattachs" time="65.913" />
  <testcase classname="sanity_ff.PermsOnComposePage" name="NonSecureGreater25MB" time="54.873">
    <error message="Unable to locate element: {&quot;method&quot;:&quot;id&quot;,&quot;selector&quot;:&quot;massintext&quot;}; duration or timeout: 30.05 seconds&#xa;For documentation on this error, please visit: http://seleniumhq.org/exceptions/no_such_element.html&#xa;Build info: version: &apos;2.14.0&apos;, revision: &apos;14955&apos;, time: &apos;2011-11-29 11:43:45&apos;&#xa;System info: os.name: &apos;Windows 7&apos;, os.arch: &apos;amd64&apos;, os.version: &apos;6.1&apos;, java.version: &apos;1.7.0&apos;&#xa;Driver info: driver.version: RemoteWebDriver" type="org.openqa.selenium.NoSuchElementException">org.openqa.selenium.NoSuchElementException: Unable to locate element: {&quot;method&quot;:&quot;id&quot;,&quot;selector&quot;:&quot;massintext&quot;}; duration or timeout: 30.05 seconds
For documentation on this error, please visit: http://seleniumhq.org/exceptions/no_such_element.html
Build info: version: &apos;2.14.0&apos;, revision: &apos;14955&apos;, time: &apos;2011-11-29 11:43:45&apos;
System info: os.name: &apos;Windows 7&apos;, os.arch: &apos;amd64&apos;, os.version: &apos;6.1&apos;, java.version: &apos;1.7.0&apos;
Driver info: driver.version: RemoteWebDriver
	at java.lang.reflect.Constructor.newInstance(Constructor.java:525)
	at org.openqa.selenium.remote.ErrorHandler.createThrowable(ErrorHandler.java:147)
	at org.openqa.selenium.remote.ErrorHandler.throwIfResponseFailed(ErrorHandler.java:113)
	at org.openqa.selenium.remote.RemoteWebDriver.execute(RemoteWebDriver.java:400)
	at org.openqa.selenium.remote.RemoteWebDriver.findElement(RemoteWebDriver.java:202)
	at org.openqa.selenium.remote.RemoteWebDriver.findElementById(RemoteWebDriver.java:219)
	at org.openqa.selenium.By$ById.findElement(By.java:216)
	at org.openqa.selenium.remote.RemoteWebDriver.findElement(RemoteWebDriver.java:194)
	at sanity_ff.PermsOnComposePage.NonSecureGreater25MB(PermsOnComposePage.java:468)
Caused by: org.openqa.selenium.remote.ErrorHandler$UnknownServerException: Unable to locate element: {&quot;method&quot;:&quot;id&quot;,&quot;selector&quot;:&quot;massintext&quot;}
Build info: version: &apos;2.14.0&apos;, revision: &apos;14955&apos;, time: &apos;2011-11-29 11:43:45&apos;
System info: os.name: &apos;Windows 7&apos;, os.arch: &apos;amd64&apos;, os.version: &apos;6.1&apos;, java.version: &apos;1.7.0&apos;
Driver info: driver.version: unknown
	at &lt;anonymous class&gt;.&lt;anonymous method&gt;(file:///C:/Users/Sneha/AppData/Local/Temp/anonymous6185705908869921684webdriver-profile/extensions/fxdriver@googlecode.com/components/driver-component.js -&gt; file:///C:/Users/Sneha/AppData/Local/Temp/anonymous6185705908869921684webdriver-profile/extensions/fxdriver@googlecode.com/components/firefoxDriver.js:389)
	at &lt;anonymous class&gt;.&lt;anonymous method&gt;(resource://fxdriver/modules/utils.js:9466)
</error>
  </testcase>
  <testcase classname="sanity_ff.PermsOnComposePage" name="SecureLesser25MB" time="91.372" />
  <testcase classname="sanity_ff.PermsOnComposePage" name="NonSecureLesser25MB" time="88.367" />
  <testcase classname="sanity_ff.PermsOnComposePage" name="SecureGreater25MB" time="108.265" />
  <system-out><![CDATA[Testing user with LFT perms only
Navigating to base URL
PASS:Permission checking passed for LFT user sending mail with no attachs and non-secure.
PASS:Mail successfully sent.
Testing user with Secure perms only
Navigating to base URL
muunni.24@gmail.com
This email is considered a file transfer.  Since you do not have a file transfer license, your recipients are required to.  
PASS for muunni.24@gmail.com
Removed user muunni.24@gmail.com from recipient list
snehamtd002@yahoo.com
This email is considered a file transfer.  Since you do not have a file transfer license, your recipients are required to.  
PASS for snehamtd002@yahoo.com
Removed user snehamtd002@yahoo.com from recipient list
sneha.qa.24@gmail.com
PASS for sneha.qa.24@gmail.com
snehamtd001@gmail.com
PASS for snehamtd001@gmail.com
PASS:Mail successfully sent.
Testing user with ALL perms
Navigating to base URL
muunni.24@gmail.com
PASS for muunni.24@gmail.com
snehamtd002@yahoo.com
PASS for snehamtd002@yahoo.com
sneha.qa.24@gmail.com
PASS for sneha.qa.24@gmail.com
snehamtd001@gmail.com
PASS for snehamtd001@gmail.com
PASS:Mail successfully sent.
Testing user with NO perms
Navigating to base URL
muunni.24@gmail.com
This email is considered a file transfer.  Since you do not have a file transfer license, your recipients are required to.  
PASS for muunni.24@gmail.com
Removed user muunni.24@gmail.com from recipient list
snehamtd002@yahoo.com
This email is considered a file transfer.  Since you do not have a file transfer license, your recipients are required to.  
PASS for snehamtd002@yahoo.com
Removed user snehamtd002@yahoo.com from recipient list
sneha.qa.24@gmail.com
PASS for sneha.qa.24@gmail.com
snehamtd001@gmail.com
PASS for snehamtd001@gmail.com
PASS:Mail successfully sent.
Testing user with LFT perms only
Navigating to base URL
muunni.24@gmail.com
This email is considered a secure email.  Since you do not have a secure email license, your recipients are required to.  
PASS for muunni.24@gmail.com
Removed user muunni.24@gmail.com from recipient list
snehamtd002@yahoo.com
PASS for snehamtd002@yahoo.com
sneha.qa.24@gmail.com
PASS for sneha.qa.24@gmail.com
snehamtd001@gmail.com
This email is considered a secure email.  Since you do not have a secure email license, your recipients are required to.  
PASS for snehamtd001@gmail.com
Removed user snehamtd001@gmail.com from recipient list
PASS:Mail successfully sent.
Testing user with Secure perms only
Navigating to base URL
muunni.24@gmail.com
PASS for muunni.24@gmail.com
snehamtd002@yahoo.com
PASS for snehamtd002@yahoo.com
sneha.qa.24@gmail.com
PASS for sneha.qa.24@gmail.com
snehamtd001@gmail.com
PASS for snehamtd001@gmail.com
PASS:Mail successfully sent.
Testing user with ALL perms only
Navigating to base URL
muunni.24@gmail.com
PASS for muunni.24@gmail.com
snehamtd002@yahoo.com
PASS for snehamtd002@yahoo.com
sneha.qa.24@gmail.com
PASS for sneha.qa.24@gmail.com
snehamtd001@gmail.com
PASS for snehamtd001@gmail.com
PASS:Mail successfully sent.
Testing user with NO perms
Navigating to base URL
muunni.24@gmail.com
Removed user muunni.24@gmail.com from recipient list
snehamtd002@yahoo.com
PASS for snehamtd002@yahoo.com
sneha.qa.24@gmail.com
PASS for sneha.qa.24@gmail.com
snehamtd001@gmail.com
Removed user snehamtd001@gmail.com from recipient list
PASS:Mail successfully sent.
Testing user with LFT perms only
Navigating to base URL
Testing user with LFT perms only
Navigating to base URL
muunni.24@gmail.com
This email is considered a secure email.  Since you do not have a secure email license, your recipients are required to.  
PASS for muunni.24@gmail.com
Removed user muunni.24@gmail.com from recipient list
snehamtd002@yahoo.com
PASS for snehamtd002@yahoo.com
sneha.qa.24@gmail.com
PASS for sneha.qa.24@gmail.com
snehamtd001@gmail.com
This email is considered a secure email.  Since you do not have a secure email license, your recipients are required to.  
PASS for snehamtd001@gmail.com
Removed user snehamtd001@gmail.com from recipient list
PASS:Mail successfully sent.
Testing user with SECURE perms only
Navigating to base URL
muunni.24@gmail.com
PASS for muunni.24@gmail.com
snehamtd002@yahoo.com
PASS for snehamtd002@yahoo.com
sneha.qa.24@gmail.com
PASS for sneha.qa.24@gmail.com
snehamtd001@gmail.com
PASS for snehamtd001@gmail.com
PASS:Mail successfully sent.
Testing user with ALL perms
Navigating to base URL
muunni.24@gmail.com
PASS for muunni.24@gmail.com
snehamtd002@yahoo.com
PASS for snehamtd002@yahoo.com
sneha.qa.24@gmail.com
PASS for sneha.qa.24@gmail.com
snehamtd001@gmail.com
PASS for snehamtd001@gmail.com
PASS:Mail successfully sent.
Testing user with NO perms
Navigating to base URL
muunni.24@gmail.com
This email is considered a secure email.  Since you do not have a secure email license, your recipients are required to.  
PASS for muunni.24@gmail.com
Removed user muunni.24@gmail.com from recipient list
snehamtd002@yahoo.com
PASS for snehamtd002@yahoo.com
sneha.qa.24@gmail.com
PASS for sneha.qa.24@gmail.com
snehamtd001@gmail.com
This email is considered a secure email.  Since you do not have a secure email license, your recipients are required to.  
PASS for snehamtd001@gmail.com
Removed user snehamtd001@gmail.com from recipient list
PASS:Mail successfully sent.
Testing user with LFT perms only
Navigating to base URL
muunni.24@gmail.com
PASS for muunni.24@gmail.com
snehamtd002@yahoo.com
PASS for snehamtd002@yahoo.com
sneha.qa.24@gmail.com
PASS for sneha.qa.24@gmail.com
snehamtd001@gmail.com
PASS for snehamtd001@gmail.com
PASS:Mail successfully sent.
Testing user with SECURE perms only
Navigating to base URL
muunni.24@gmail.com
This email is considered a file transfer.  Since you do not have a file transfer license, your recipients are required to.  
PASS for muunni.24@gmail.com
Removed user muunni.24@gmail.com from recipient list
snehamtd002@yahoo.com
This email is considered a file transfer.  Since you do not have a file transfer license, your recipients are required to.  
PASS for snehamtd002@yahoo.com
Removed user snehamtd002@yahoo.com from recipient list
sneha.qa.24@gmail.com
PASS for sneha.qa.24@gmail.com
snehamtd001@gmail.com
PASS for snehamtd001@gmail.com
PASS:Mail successfully sent.
Testing user with ALL perms
Navigating to base URL
muunni.24@gmail.com
PASS for muunni.24@gmail.com
snehamtd002@yahoo.com
PASS for snehamtd002@yahoo.com
sneha.qa.24@gmail.com
PASS for sneha.qa.24@gmail.com
snehamtd001@gmail.com
PASS for snehamtd001@gmail.com
PASS:Mail successfully sent.
Testing user with NO perms
Navigating to base URL
muunni.24@gmail.com
This email is considered a file transfer.  Since you do not have a file transfer license, your recipients are required to.  
PASS for muunni.24@gmail.com
Removed user muunni.24@gmail.com from recipient list
snehamtd002@yahoo.com
This email is considered a file transfer.  Since you do not have a file transfer license, your recipients are required to.  
PASS for snehamtd002@yahoo.com
Removed user snehamtd002@yahoo.com from recipient list
sneha.qa.24@gmail.com
PASS for sneha.qa.24@gmail.com
snehamtd001@gmail.com
PASS for snehamtd001@gmail.com
PASS:Mail successfully sent.
Testing user with LFT perms only
Navigating to base URL
muunni.24@gmail.com
This email is considered a secure email.  Since you do not have a secure email license, your recipients are required to.  
PASS for muunni.24@gmail.com
Removed user muunni.24@gmail.com from recipient list
snehamtd002@yahoo.com
Removed user snehamtd002@yahoo.com from recipient list
sneha.qa.24@gmail.com
PASS for sneha.qa.24@gmail.com
snehamtd001@gmail.com
This email is considered a secure email.  Since you do not have a secure email license, your recipients are required to.  
PASS for snehamtd001@gmail.com
Removed user snehamtd001@gmail.com from recipient list
PASS:Mail successfully sent.
Testing user with SECURE perms only
Navigating to base URL
muunni.24@gmail.com
This email is considered a file transfer.  Since you do not have a file transfer license, your recipients are required to.  
PASS for muunni.24@gmail.com
Removed user muunni.24@gmail.com from recipient list
snehamtd002@yahoo.com
This email is considered a file transfer.  Since you do not have a file transfer license, your recipients are required to.  
PASS for snehamtd002@yahoo.com
Removed user snehamtd002@yahoo.com from recipient list
sneha.qa.24@gmail.com
PASS for sneha.qa.24@gmail.com
snehamtd001@gmail.com
PASS for snehamtd001@gmail.com
PASS:Mail successfully sent.
Testing user with ALL perms
Navigating to base URL
muunni.24@gmail.com
PASS for muunni.24@gmail.com
snehamtd002@yahoo.com
PASS for snehamtd002@yahoo.com
sneha.qa.24@gmail.com
PASS for sneha.qa.24@gmail.com
snehamtd001@gmail.com
PASS for snehamtd001@gmail.com
PASS:Mail successfully sent.
Testing user with NO perms
Navigating to base URL
muunni.24@gmail.com
This email is considered a secure email.  Since you do not have a secure email license, your recipients are required to.  This email is considered a file transfer.  Since you do not have a file transfer license, your recipients are required to.  
This email is considered a secure email.  Since you do not have a secure email license, your recipients are required to.  This email is considered a file transfer.  Since you do not have a file transfer license, your recipients are required to.  
PASS for muunni.24@gmail.com
Removed user muunni.24@gmail.com from recipient list
snehamtd002@yahoo.com
This email is considered a file transfer.  Since you do not have a file transfer license, your recipients are required to.  
PASS for snehamtd002@yahoo.com
Removed user snehamtd002@yahoo.com from recipient list
sneha.qa.24@gmail.com
PASS for sneha.qa.24@gmail.com
snehamtd001@gmail.com
This email is considered a secure email.  Since you do not have a secure email license, your recipients are required to.  
PASS for snehamtd001@gmail.com
Removed user snehamtd001@gmail.com from recipient list
PASS:Mail successfully sent.
]]></system-out>
  <system-err><![CDATA[]]></system-err>
</testsuite>
